# JRE version: OpenJDK Runtime Environment (8.0_362-b08) (build 1.8.0_362-b08)
# Java VM: OpenJDK 64-Bit Server VM (25.362-b08 mixed mode windows-amd64 compressed oops)
Heap:
 PSYoungGen      total 251392K, used 114362K [0x000000076bd00000, 0x000000077da80000, 0x00000007c0000000)
  eden space 223232K, 38% used [0x000000076bd00000,0x0000000771131df8,0x0000000779700000)
  from space 28160K, 99% used [0x0000000779700000,0x000000077b27cc48,0x000000077b280000)
  to   space 20992K, 0% used [0x000000077b280000,0x000000077b280000,0x000000077c700000)
 ParOldGen       total 164352K, used 54908K [0x00000006c3600000, 0x00000006cd680000, 0x000000076bd00000)
  object space 164352K, 33% used [0x00000006c3600000,0x00000006c6b9f300,0x00000006cd680000)
 Metaspace       used 51715K, capacity 52528K, committed 52736K, reserved 1095680K
  class space    used 6548K, capacity 6853K, committed 6912K, reserved 1048576K
GC Heap History (10 events):
Event: 7.757 GC heap before
{Heap before GC invocations=7 (full 1):
 PSYoungGen      total 137728K, used 105088K [0x000000076bd00000, 0x0000000776b80000, 0x00000007c0000000)
  eden space 126976K, 74% used [0x000000076bd00000,0x0000000771921ef8,0x0000000773900000)
  from space 10752K, 99% used [0x0000000773900000,0x000000077437e270,0x0000000774380000)
  to   space 13312K, 0% used [0x0000000775e80000,0x0000000775e80000,0x0000000776b80000)
 ParOldGen       total 105984K, used 10426K [0x00000006c3600000, 0x00000006c9d80000, 0x000000076bd00000)
  object space 105984K, 9% used [0x00000006c3600000,0x00000006c402ea30,0x00000006c9d80000)
 Metaspace       used 34746K, capacity 35452K, committed 35496K, reserved 1079296K
  class space    used 5130K, capacity 5334K, committed 5376K, reserved 1048576K
Event: 7.763 GC heap after
Heap after GC invocations=7 (full 1):
 PSYoungGen      total 161792K, used 13307K [0x000000076bd00000, 0x0000000779400000, 0x00000007c0000000)
  eden space 148480K, 0% used [0x000000076bd00000,0x000000076bd00000,0x0000000774e00000)
  from space 13312K, 99% used [0x0000000775e80000,0x0000000776b7eea0,0x0000000776b80000)
  to   space 16896K, 0% used [0x0000000774e00000,0x0000000774e00000,0x0000000775e80000)
 ParOldGen       total 105984K, used 13717K [0x00000006c3600000, 0x00000006c9d80000, 0x000000076bd00000)
  object space 105984K, 12% used [0x00000006c3600000,0x00000006c43655e0,0x00000006c9d80000)
 Metaspace       used 34746K, capacity 35452K, committed 35496K, reserved 1079296K
  class space    used 5130K, capacity 5334K, committed 5376K, reserved 1048576K
}
Event: 7.764 GC heap before
{Heap before GC invocations=8 (full 2):
 PSYoungGen      total 161792K, used 13307K [0x000000076bd00000, 0x0000000779400000, 0x00000007c0000000)
  eden space 148480K, 0% used [0x000000076bd00000,0x000000076bd00000,0x0000000774e00000)
  from space 13312K, 99% used [0x0000000775e80000,0x0000000776b7eea0,0x0000000776b80000)
  to   space 16896K, 0% used [0x0000000774e00000,0x0000000774e00000,0x0000000775e80000)
 ParOldGen       total 105984K, used 13717K [0x00000006c3600000, 0x00000006c9d80000, 0x000000076bd00000)
  object space 105984K, 12% used [0x00000006c3600000,0x00000006c43655e0,0x00000006c9d80000)
 Metaspace       used 34746K, capacity 35452K, committed 35496K, reserved 1079296K
  class space    used 5130K, capacity 5334K, committed 5376K, reserved 1048576K
Event: 7.795 GC heap after
Heap after GC invocations=8 (full 2):
 PSYoungGen      total 161792K, used 0K [0x000000076bd00000, 0x0000000779400000, 0x00000007c0000000)
  eden space 148480K, 0% used [0x000000076bd00000,0x000000076bd00000,0x0000000774e00000)
  from space 13312K, 0% used [0x0000000775e80000,0x0000000775e80000,0x0000000776b80000)
  to   space 16896K, 0% used [0x0000000774e00000,0x0000000774e00000,0x0000000775e80000)
 ParOldGen       total 164352K, used 22539K [0x00000006c3600000, 0x00000006cd680000, 0x000000076bd00000)
  object space 164352K, 13% used [0x00000006c3600000,0x00000006c4c02d60,0x00000006cd680000)
 Metaspace       used 34746K, capacity 35452K, committed 35496K, reserved 1079296K
  class space    used 5130K, capacity 5334K, committed 5376K, reserved 1048576K
}
Event: 8.746 GC heap before
{Heap before GC invocations=9 (full 2):
 PSYoungGen      total 161792K, used 148480K [0x000000076bd00000, 0x0000000779400000, 0x00000007c0000000)
  eden space 148480K, 100% used [0x000000076bd00000,0x0000000774e00000,0x0000000774e00000)
  from space 13312K, 0% used [0x0000000775e80000,0x0000000775e80000,0x0000000776b80000)
  to   space 16896K, 0% used [0x0000000774e00000,0x0000000774e00000,0x0000000775e80000)
 ParOldGen       total 164352K, used 22539K [0x00000006c3600000, 0x00000006cd680000, 0x000000076bd00000)
  object space 164352K, 13% used [0x00000006c3600000,0x00000006c4c02d60,0x00000006cd680000)
 Metaspace       used 46368K, capacity 47194K, committed 47360K, reserved 1089536K
  class space    used 6277K, capacity 6592K, committed 6656K, reserved 1048576K
Event: 8.756 GC heap after
Heap after GC invocations=9 (full 2):
 PSYoungGen      total 165376K, used 16878K [0x000000076bd00000, 0x000000077c700000, 0x00000007c0000000)
  eden space 148480K, 0% used [0x000000076bd00000,0x000000076bd00000,0x0000000774e00000)
  from space 16896K, 99% used [0x0000000774e00000,0x0000000775e7b850,0x0000000775e80000)
  to   space 20992K, 0% used [0x000000077b280000,0x000000077b280000,0x000000077c700000)
 ParOldGen       total 164352K, used 26341K [0x00000006c3600000, 0x00000006cd680000, 0x000000076bd00000)
  object space 164352K, 16% used [0x00000006c3600000,0x00000006c4fb94f0,0x00000006cd680000)
 Metaspace       used 46368K, capacity 47194K, committed 47360K, reserved 1089536K
  class space    used 6277K, capacity 6592K, committed 6656K, reserved 1048576K
}
Event: 9.551 GC heap before
{Heap before GC invocations=10 (full 2):
 PSYoungGen      total 165376K, used 165358K [0x000000076bd00000, 0x000000077c700000, 0x00000007c0000000)
  eden space 148480K, 100% used [0x000000076bd00000,0x0000000774e00000,0x0000000774e00000)
  from space 16896K, 99% used [0x0000000774e00000,0x0000000775e7b850,0x0000000775e80000)
  to   space 20992K, 0% used [0x000000077b280000,0x000000077b280000,0x000000077c700000)
 ParOldGen       total 164352K, used 26341K [0x00000006c3600000, 0x00000006cd680000, 0x000000076bd00000)
  object space 164352K, 16% used [0x00000006c3600000,0x00000006c4fb94f0,0x00000006cd680000)
 Metaspace       used 50239K, capacity 51024K, committed 51200K, reserved 1093632K
  class space    used 6523K, capacity 6821K, committed 6912K, reserved 1048576K
Event: 9.565 GC heap after
Heap after GC invocations=10 (full 2):
 PSYoungGen      total 244224K, used 20972K [0x000000076bd00000, 0x000000077da80000, 0x00000007c0000000)
  eden space 223232K, 0% used [0x000000076bd00000,0x000000076bd00000,0x0000000779700000)
  from space 20992K, 99% used [0x000000077b280000,0x000000077c6fb338,0x000000077c700000)
  to   space 28160K, 0% used [0x0000000779700000,0x0000000779700000,0x000000077b280000)
 ParOldGen       total 164352K, used 36147K [0x00000006c3600000, 0x00000006cd680000, 0x000000076bd00000)
  object space 164352K, 21% used [0x00000006c3600000,0x00000006c594cef0,0x00000006cd680000)
 Metaspace       used 50239K, capacity 51024K, committed 51200K, reserved 1093632K
  class space    used 6523K, capacity 6821K, committed 6912K, reserved 1048576K
}
Event: 10.344 GC heap before
{Heap before GC invocations=11 (full 2):
 PSYoungGen      total 244224K, used 244204K [0x000000076bd00000, 0x000000077da80000, 0x00000007c0000000)
  eden space 223232K, 100% used [0x000000076bd00000,0x0000000779700000,0x0000000779700000)
  from space 20992K, 99% used [0x000000077b280000,0x000000077c6fb338,0x000000077c700000)
  to   space 28160K, 0% used [0x0000000779700000,0x0000000779700000,0x000000077b280000)
 ParOldGen       total 164352K, used 36147K [0x00000006c3600000, 0x00000006cd680000, 0x000000076bd00000)
  object space 164352K, 21% used [0x00000006c3600000,0x00000006c594cef0,0x00000006cd680000)
 Metaspace       used 51389K, capacity 52208K, committed 52480K, reserved 1095680K
  class space    used 6538K, capacity 6853K, committed 6912K, reserved 1048576K
Event: 10.367 GC heap after
Heap after GC invocations=11 (full 2):
 PSYoungGen      total 251392K, used 28147K [0x000000076bd00000, 0x000000077da80000, 0x00000007c0000000)
  eden space 223232K, 0% used [0x000000076bd00000,0x000000076bd00000,0x0000000779700000)
  from space 28160K, 99% used [0x0000000779700000,0x000000077b27cc48,0x000000077b280000)
  to   space 20992K, 0% used [0x000000077b280000,0x000000077b280000,0x000000077c700000)
 ParOldGen       total 164352K, used 54908K [0x00000006c3600000, 0x00000006cd680000, 0x000000076bd00000)
  object space 164352K, 33% used [0x00000006c3600000,0x00000006c6b9f300,0x00000006cd680000)
 Metaspace       used 51389K, capacity 52208K, committed 52480K, reserved 1095680K
  class space    used 6538K, capacity 6853K, committed 6912K, reserved 1048576K
}

