# JRE version: OpenJDK Runtime Environment (8.0_362-b08) (build 1.8.0_362-b08)
# Java VM: OpenJDK 64-Bit Server VM (25.362-b08 mixed mode windows-amd64 compressed oops)
Heap:
 PSYoungGen      total 218624K, used 218619K [0x000000076bd00000, 0x000000077f500000, 0x00000007c0000000)
  eden space 193024K, 100% used [0x000000076bd00000,0x0000000777980000,0x0000000777980000)
  from space 25600K, 99% used [0x0000000777980000,0x000000077927ee30,0x0000000779280000)
  to   space 37888K, 0% used [0x000000077d000000,0x000000077d058000,0x000000077f500000)
 ParOldGen       total 174592K, used 57187K [0x00000006c3600000, 0x00000006ce080000, 0x000000076bd00000)
  object space 174592K, 32% used [0x00000006c3600000,0x00000006c6ddcd28,0x00000006ce080000)
 Metaspace       used 51032K, capacity 51936K, committed 52224K, reserved 1095680K
  class space    used 6495K, capacity 6839K, committed 6912K, reserved 1048576K
GC Heap History (10 events):
Event: 2.485 GC heap before
{Heap before GC invocations=7 (full 1):
 PSYoungGen      total 137728K, used 81363K [0x000000076bd00000, 0x0000000776700000, 0x00000007c0000000)
  eden space 126976K, 55% used [0x000000076bd00000,0x00000007701f6c48,0x0000000773900000)
  from space 10752K, 99% used [0x0000000773900000,0x000000077437e098,0x0000000774380000)
  to   space 13312K, 0% used [0x0000000775a00000,0x0000000775a00000,0x0000000776700000)
 ParOldGen       total 105472K, used 10450K [0x00000006c3600000, 0x00000006c9d00000, 0x000000076bd00000)
  object space 105472K, 9% used [0x00000006c3600000,0x00000006c40349d0,0x00000006c9d00000)
 Metaspace       used 34737K, capacity 35412K, committed 35496K, reserved 1079296K
  class space    used 5117K, capacity 5340K, committed 5376K, reserved 1048576K
Event: 2.493 GC heap after
Heap after GC invocations=7 (full 1):
 PSYoungGen      total 158208K, used 13280K [0x000000076bd00000, 0x0000000779b00000, 0x00000007c0000000)
  eden space 144896K, 0% used [0x000000076bd00000,0x000000076bd00000,0x0000000774a80000)
  from space 13312K, 99% used [0x0000000775a00000,0x00000007766f8060,0x0000000776700000)
  to   space 15872K, 0% used [0x0000000774a80000,0x0000000774a80000,0x0000000775a00000)
 ParOldGen       total 105472K, used 11984K [0x00000006c3600000, 0x00000006c9d00000, 0x000000076bd00000)
  object space 105472K, 11% used [0x00000006c3600000,0x00000006c41b4230,0x00000006c9d00000)
 Metaspace       used 34737K, capacity 35412K, committed 35496K, reserved 1079296K
  class space    used 5117K, capacity 5340K, committed 5376K, reserved 1048576K
}
Event: 2.493 GC heap before
{Heap before GC invocations=8 (full 2):
 PSYoungGen      total 158208K, used 13280K [0x000000076bd00000, 0x0000000779b00000, 0x00000007c0000000)
  eden space 144896K, 0% used [0x000000076bd00000,0x000000076bd00000,0x0000000774a80000)
  from space 13312K, 99% used [0x0000000775a00000,0x00000007766f8060,0x0000000776700000)
  to   space 15872K, 0% used [0x0000000774a80000,0x0000000774a80000,0x0000000775a00000)
 ParOldGen       total 105472K, used 11984K [0x00000006c3600000, 0x00000006c9d00000, 0x000000076bd00000)
  object space 105472K, 11% used [0x00000006c3600000,0x00000006c41b4230,0x00000006c9d00000)
 Metaspace       used 34737K, capacity 35412K, committed 35496K, reserved 1079296K
  class space    used 5117K, capacity 5340K, committed 5376K, reserved 1048576K
Event: 2.528 GC heap after
Heap after GC invocations=8 (full 2):
 PSYoungGen      total 158208K, used 0K [0x000000076bd00000, 0x0000000779b00000, 0x00000007c0000000)
  eden space 144896K, 0% used [0x000000076bd00000,0x000000076bd00000,0x0000000774a80000)
  from space 13312K, 0% used [0x0000000775a00000,0x0000000775a00000,0x0000000776700000)
  to   space 15872K, 0% used [0x0000000774a80000,0x0000000774a80000,0x0000000775a00000)
 ParOldGen       total 174592K, used 21415K [0x00000006c3600000, 0x00000006ce080000, 0x000000076bd00000)
  object space 174592K, 12% used [0x00000006c3600000,0x00000006c4ae9f18,0x00000006ce080000)
 Metaspace       used 34737K, capacity 35412K, committed 35496K, reserved 1079296K
  class space    used 5117K, capacity 5340K, committed 5376K, reserved 1048576K
}
Event: 4.109 GC heap before
{Heap before GC invocations=9 (full 2):
 PSYoungGen      total 158208K, used 144896K [0x000000076bd00000, 0x0000000779b00000, 0x00000007c0000000)
  eden space 144896K, 100% used [0x000000076bd00000,0x0000000774a80000,0x0000000774a80000)
  from space 13312K, 0% used [0x0000000775a00000,0x0000000775a00000,0x0000000776700000)
  to   space 15872K, 0% used [0x0000000774a80000,0x0000000774a80000,0x0000000775a00000)
 ParOldGen       total 174592K, used 21415K [0x00000006c3600000, 0x00000006ce080000, 0x000000076bd00000)
  object space 174592K, 12% used [0x00000006c3600000,0x00000006c4ae9f18,0x00000006ce080000)
 Metaspace       used 43196K, capacity 44074K, committed 44288K, reserved 1087488K
  class space    used 5969K, capacity 6290K, committed 6400K, reserved 1048576K
Event: 4.118 GC heap after
Heap after GC invocations=9 (full 2):
 PSYoungGen      total 160768K, used 15852K [0x000000076bd00000, 0x000000077a500000, 0x00000007c0000000)
  eden space 144896K, 0% used [0x000000076bd00000,0x000000076bd00000,0x0000000774a80000)
  from space 15872K, 99% used [0x0000000774a80000,0x00000007759fb2f8,0x0000000775a00000)
  to   space 18944K, 0% used [0x0000000779280000,0x0000000779280000,0x000000077a500000)
 ParOldGen       total 174592K, used 23341K [0x00000006c3600000, 0x00000006ce080000, 0x000000076bd00000)
  object space 174592K, 13% used [0x00000006c3600000,0x00000006c4ccb680,0x00000006ce080000)
 Metaspace       used 43196K, capacity 44074K, committed 44288K, reserved 1087488K
  class space    used 5969K, capacity 6290K, committed 6400K, reserved 1048576K
}
Event: 4.784 GC heap before
{Heap before GC invocations=10 (full 2):
 PSYoungGen      total 160768K, used 160748K [0x000000076bd00000, 0x000000077a500000, 0x00000007c0000000)
  eden space 144896K, 100% used [0x000000076bd00000,0x0000000774a80000,0x0000000774a80000)
  from space 15872K, 99% used [0x0000000774a80000,0x00000007759fb2f8,0x0000000775a00000)
  to   space 18944K, 0% used [0x0000000779280000,0x0000000779280000,0x000000077a500000)
 ParOldGen       total 174592K, used 23341K [0x00000006c3600000, 0x00000006ce080000, 0x000000076bd00000)
  object space 174592K, 13% used [0x00000006c3600000,0x00000006c4ccb680,0x00000006ce080000)
 Metaspace       used 48239K, capacity 49098K, committed 49280K, reserved 1091584K
  class space    used 6385K, capacity 6706K, committed 6784K, reserved 1048576K
Event: 4.795 GC heap after
Heap after GC invocations=10 (full 2):
 PSYoungGen      total 211968K, used 18933K [0x000000076bd00000, 0x000000077b400000, 0x00000007c0000000)
  eden space 193024K, 0% used [0x000000076bd00000,0x000000076bd00000,0x0000000777980000)
  from space 18944K, 99% used [0x0000000779280000,0x000000077a4fd5d0,0x000000077a500000)
  to   space 25600K, 0% used [0x0000000777980000,0x0000000777980000,0x0000000779280000)
 ParOldGen       total 174592K, used 33070K [0x00000006c3600000, 0x00000006ce080000, 0x000000076bd00000)
  object space 174592K, 18% used [0x00000006c3600000,0x00000006c564ba08,0x00000006ce080000)
 Metaspace       used 48239K, capacity 49098K, committed 49280K, reserved 1091584K
  class space    used 6385K, capacity 6706K, committed 6784K, reserved 1048576K
}
Event: 5.753 GC heap before
{Heap before GC invocations=11 (full 2):
 PSYoungGen      total 211968K, used 211957K [0x000000076bd00000, 0x000000077b400000, 0x00000007c0000000)
  eden space 193024K, 100% used [0x000000076bd00000,0x0000000777980000,0x0000000777980000)
  from space 18944K, 99% used [0x0000000779280000,0x000000077a4fd5d0,0x000000077a500000)
  to   space 25600K, 0% used [0x0000000777980000,0x0000000777980000,0x0000000779280000)
 ParOldGen       total 174592K, used 33070K [0x00000006c3600000, 0x00000006ce080000, 0x000000076bd00000)
  object space 174592K, 18% used [0x00000006c3600000,0x00000006c564ba08,0x00000006ce080000)
 Metaspace       used 50775K, capacity 51648K, committed 51968K, reserved 1093632K
  class space    used 6493K, capacity 6807K, committed 6912K, reserved 1048576K
Event: 5.779 GC heap after
Heap after GC invocations=11 (full 2):
 PSYoungGen      total 218624K, used 25595K [0x000000076bd00000, 0x000000077f500000, 0x00000007c0000000)
  eden space 193024K, 0% used [0x000000076bd00000,0x000000076bd00000,0x0000000777980000)
  from space 25600K, 99% used [0x0000000777980000,0x000000077927ee30,0x0000000779280000)
  to   space 37888K, 0% used [0x000000077d000000,0x000000077d000000,0x000000077f500000)
 ParOldGen       total 174592K, used 54971K [0x00000006c3600000, 0x00000006ce080000, 0x000000076bd00000)
  object space 174592K, 31% used [0x00000006c3600000,0x00000006c6baecc8,0x00000006ce080000)
 Metaspace       used 50775K, capacity 51648K, committed 51968K, reserved 1093632K
  class space    used 6493K, capacity 6807K, committed 6912K, reserved 1048576K
}

