# JRE version: Java(TM) SE Runtime Environment (8.0_361) (build 1.8.0_361-b09)
# Java VM: Java HotSpot(TM) 64-Bit Server VM (25.361-b09 mixed mode windows-amd64 compressed oops)
Heap:
 PSYoungGen      total 115200K, used 60603K [0x000000076bd00000, 0x0000000774280000, 0x00000007c0000000)
  eden space 102400K, 46% used [0x000000076bd00000,0x000000076ebb17f0,0x0000000772100000)
  from space 12800K, 99% used [0x0000000772100000,0x0000000772d7d4c0,0x0000000772d80000)
  to   space 11264K, 0% used [0x0000000772d80000,0x0000000772d80000,0x0000000773880000)
 ParOldGen       total 100352K, used 35891K [0x00000006c3600000, 0x00000006c9800000, 0x000000076bd00000)
  object space 100352K, 35% used [0x00000006c3600000,0x00000006c590cd20,0x00000006c9800000)
 Metaspace       used 47115K, capacity 47920K, committed 48128K, reserved 1091584K
  class space    used 6323K, capacity 6626K, committed 6656K, reserved 1048576K
GC Heap History (10 events):
Event: 7.901 GC heap before
{Heap before GC invocations=7 (full 1):
 PSYoungGen      total 75776K, used 73882K [0x000000076bd00000, 0x0000000773880000, 0x00000007c0000000)
  eden space 65024K, 100% used [0x000000076bd00000,0x000000076fc80000,0x000000076fc80000)
  from space 10752K, 82% used [0x000000076fc80000,0x0000000770526ba8,0x0000000770700000)
  to   space 11264K, 0% used [0x0000000772d80000,0x0000000772d80000,0x0000000773880000)
 ParOldGen       total 100352K, used 9138K [0x00000006c3600000, 0x00000006c9800000, 0x000000076bd00000)
  object space 100352K, 9% used [0x00000006c3600000,0x00000006c3eec890,0x00000006c9800000)
 Metaspace       used 32356K, capacity 32958K, committed 33280K, reserved 1077248K
  class space    used 4739K, capacity 5001K, committed 5120K, reserved 1048576K
Event: 7.922 GC heap after
Heap after GC invocations=7 (full 1):
 PSYoungGen      total 113664K, used 11241K [0x000000076bd00000, 0x0000000774280000, 0x00000007c0000000)
  eden space 102400K, 0% used [0x000000076bd00000,0x000000076bd00000,0x0000000772100000)
  from space 11264K, 99% used [0x0000000772d80000,0x000000077387a548,0x0000000773880000)
  to   space 12800K, 0% used [0x0000000772100000,0x0000000772100000,0x0000000772d80000)
 ParOldGen       total 100352K, used 9880K [0x00000006c3600000, 0x00000006c9800000, 0x000000076bd00000)
  object space 100352K, 9% used [0x00000006c3600000,0x00000006c3fa61c0,0x00000006c9800000)
 Metaspace       used 32356K, capacity 32958K, committed 33280K, reserved 1077248K
  class space    used 4739K, capacity 5001K, committed 5120K, reserved 1048576K
}
Event: 8.276 GC heap before
{Heap before GC invocations=8 (full 1):
 PSYoungGen      total 113664K, used 34525K [0x000000076bd00000, 0x0000000774280000, 0x00000007c0000000)
  eden space 102400K, 22% used [0x000000076bd00000,0x000000076d3bd268,0x0000000772100000)
  from space 11264K, 99% used [0x0000000772d80000,0x000000077387a548,0x0000000773880000)
  to   space 12800K, 0% used [0x0000000772100000,0x0000000772100000,0x0000000772d80000)
 ParOldGen       total 100352K, used 9880K [0x00000006c3600000, 0x00000006c9800000, 0x000000076bd00000)
  object space 100352K, 9% used [0x00000006c3600000,0x00000006c3fa61c0,0x00000006c9800000)
 Metaspace       used 34707K, capacity 35306K, committed 35496K, reserved 1079296K
  class space    used 5041K, capacity 5271K, committed 5376K, reserved 1048576K
Event: 8.287 GC heap after
Heap after GC invocations=8 (full 1):
 PSYoungGen      total 115200K, used 12777K [0x000000076bd00000, 0x0000000774280000, 0x00000007c0000000)
  eden space 102400K, 0% used [0x000000076bd00000,0x000000076bd00000,0x0000000772100000)
  from space 12800K, 99% used [0x0000000772100000,0x0000000772d7a760,0x0000000772d80000)
  to   space 11264K, 0% used [0x0000000772d80000,0x0000000772d80000,0x0000000773880000)
 ParOldGen       total 100352K, used 10406K [0x00000006c3600000, 0x00000006c9800000, 0x000000076bd00000)
  object space 100352K, 10% used [0x00000006c3600000,0x00000006c4029b18,0x00000006c9800000)
 Metaspace       used 34707K, capacity 35306K, committed 35496K, reserved 1079296K
  class space    used 5041K, capacity 5271K, committed 5376K, reserved 1048576K
}
Event: 8.287 GC heap before
{Heap before GC invocations=9 (full 2):
 PSYoungGen      total 115200K, used 12777K [0x000000076bd00000, 0x0000000774280000, 0x00000007c0000000)
  eden space 102400K, 0% used [0x000000076bd00000,0x000000076bd00000,0x0000000772100000)
  from space 12800K, 99% used [0x0000000772100000,0x0000000772d7a760,0x0000000772d80000)
  to   space 11264K, 0% used [0x0000000772d80000,0x0000000772d80000,0x0000000773880000)
 ParOldGen       total 100352K, used 10406K [0x00000006c3600000, 0x00000006c9800000, 0x000000076bd00000)
  object space 100352K, 10% used [0x00000006c3600000,0x00000006c4029b18,0x00000006c9800000)
 Metaspace       used 34707K, capacity 35306K, committed 35496K, reserved 1079296K
  class space    used 5041K, capacity 5271K, committed 5376K, reserved 1048576K
Event: 8.341 GC heap after
Heap after GC invocations=9 (full 2):
 PSYoungGen      total 115200K, used 0K [0x000000076bd00000, 0x0000000774280000, 0x00000007c0000000)
  eden space 102400K, 0% used [0x000000076bd00000,0x000000076bd00000,0x0000000772100000)
  from space 12800K, 0% used [0x0000000772100000,0x0000000772100000,0x0000000772d80000)
  to   space 11264K, 0% used [0x0000000772d80000,0x0000000772d80000,0x0000000773880000)
 ParOldGen       total 100352K, used 19810K [0x00000006c3600000, 0x00000006c9800000, 0x000000076bd00000)
  object space 100352K, 19% used [0x00000006c3600000,0x00000006c4958988,0x00000006c9800000)
 Metaspace       used 34707K, capacity 35306K, committed 35496K, reserved 1079296K
  class space    used 5041K, capacity 5271K, committed 5376K, reserved 1048576K
}
Event: 9.741 GC heap before
{Heap before GC invocations=10 (full 2):
 PSYoungGen      total 115200K, used 102400K [0x000000076bd00000, 0x0000000774280000, 0x00000007c0000000)
  eden space 102400K, 100% used [0x000000076bd00000,0x0000000772100000,0x0000000772100000)
  from space 12800K, 0% used [0x0000000772100000,0x0000000772100000,0x0000000772d80000)
  to   space 11264K, 0% used [0x0000000772d80000,0x0000000772d80000,0x0000000773880000)
 ParOldGen       total 100352K, used 19810K [0x00000006c3600000, 0x00000006c9800000, 0x000000076bd00000)
  object space 100352K, 19% used [0x00000006c3600000,0x00000006c4958988,0x00000006c9800000)
 Metaspace       used 39203K, capacity 40048K, committed 40320K, reserved 1083392K
  class space    used 5635K, capacity 5922K, committed 6016K, reserved 1048576K
Event: 9.747 GC heap after
Heap after GC invocations=10 (full 2):
 PSYoungGen      total 113664K, used 11153K [0x000000076bd00000, 0x0000000774280000, 0x00000007c0000000)
  eden space 102400K, 0% used [0x000000076bd00000,0x000000076bd00000,0x0000000772100000)
  from space 11264K, 99% used [0x0000000772d80000,0x0000000773864738,0x0000000773880000)
  to   space 12800K, 0% used [0x0000000772100000,0x0000000772100000,0x0000000772d80000)
 ParOldGen       total 100352K, used 19882K [0x00000006c3600000, 0x00000006c9800000, 0x000000076bd00000)
  object space 100352K, 19% used [0x00000006c3600000,0x00000006c496a998,0x00000006c9800000)
 Metaspace       used 39203K, capacity 40048K, committed 40320K, reserved 1083392K
  class space    used 5635K, capacity 5922K, committed 6016K, reserved 1048576K
}
Event: 10.813 GC heap before
{Heap before GC invocations=11 (full 2):
 PSYoungGen      total 113664K, used 113553K [0x000000076bd00000, 0x0000000774280000, 0x00000007c0000000)
  eden space 102400K, 100% used [0x000000076bd00000,0x0000000772100000,0x0000000772100000)
  from space 11264K, 99% used [0x0000000772d80000,0x0000000773864738,0x0000000773880000)
  to   space 12800K, 0% used [0x0000000772100000,0x0000000772100000,0x0000000772d80000)
 ParOldGen       total 100352K, used 19882K [0x00000006c3600000, 0x00000006c9800000, 0x000000076bd00000)
  object space 100352K, 19% used [0x00000006c3600000,0x00000006c496a998,0x00000006c9800000)
 Metaspace       used 46664K, capacity 47504K, committed 47616K, reserved 1089536K
  class space    used 6300K, capacity 6594K, committed 6656K, reserved 1048576K
Event: 10.828 GC heap after
Heap after GC invocations=11 (full 2):
 PSYoungGen      total 115200K, used 12789K [0x000000076bd00000, 0x0000000774280000, 0x00000007c0000000)
  eden space 102400K, 0% used [0x000000076bd00000,0x000000076bd00000,0x0000000772100000)
  from space 12800K, 99% used [0x0000000772100000,0x0000000772d7d4c0,0x0000000772d80000)
  to   space 11264K, 0% used [0x0000000772d80000,0x0000000772d80000,0x0000000773880000)
 ParOldGen       total 100352K, used 35891K [0x00000006c3600000, 0x00000006c9800000, 0x000000076bd00000)
  object space 100352K, 35% used [0x00000006c3600000,0x00000006c590cd20,0x00000006c9800000)
 Metaspace       used 46664K, capacity 47504K, committed 47616K, reserved 1089536K
  class space    used 6300K, capacity 6594K, committed 6656K, reserved 1048576K
}

