# JRE version: OpenJDK Runtime Environment (8.0_362-b08) (build 1.8.0_362-b08)
# Java VM: OpenJDK 64-Bit Server VM (25.362-b08 mixed mode windows-amd64 compressed oops)
Heap:
 PSYoungGen      total 271872K, used 255984K [0x000000076bd00000, 0x0000000782d00000, 0x00000007c0000000)
  eden space 243200K, 93% used [0x000000076bd00000,0x0000000779b03ed8,0x000000077aa80000)
  from space 28672K, 99% used [0x000000077aa80000,0x000000077c678328,0x000000077c680000)
  to   space 33280K, 0% used [0x0000000780c80000,0x0000000780c80000,0x0000000782d00000)
 ParOldGen       total 251904K, used 45647K [0x00000006c3600000, 0x00000006d2c00000, 0x000000076bd00000)
  object space 251904K, 18% used [0x00000006c3600000,0x00000006c6293cf0,0x00000006d2c00000)
 Metaspace       used 73086K, capacity 74646K, committed 74880K, reserved 1114112K
  class space    used 8710K, capacity 9239K, committed 9344K, reserved 1048576K
GC Heap History (10 events):
Event: 4.635 GC heap before
{Heap before GC invocations=10 (full 2):
 PSYoungGen      total 157184K, used 154914K [0x000000076bd00000, 0x000000077a200000, 0x00000007c0000000)
  eden space 142848K, 100% used [0x000000076bd00000,0x0000000774880000,0x0000000774880000)
  from space 14336K, 84% used [0x0000000774880000,0x0000000775448a48,0x0000000775680000)
  to   space 14848K, 0% used [0x0000000779380000,0x0000000779380000,0x000000077a200000)
 ParOldGen       total 167936K, used 17019K [0x00000006c3600000, 0x00000006cda00000, 0x000000076bd00000)
  object space 167936K, 10% used [0x00000006c3600000,0x00000006c469eca8,0x00000006cda00000)
 Metaspace       used 47462K, capacity 48628K, committed 48768K, reserved 1091584K
  class space    used 6521K, capacity 6913K, committed 7040K, reserved 1048576K
Event: 4.644 GC heap after
Heap after GC invocations=10 (full 2):
 PSYoungGen      total 216064K, used 14820K [0x000000076bd00000, 0x000000077a900000, 0x00000007c0000000)
  eden space 201216K, 0% used [0x000000076bd00000,0x000000076bd00000,0x0000000778180000)
  from space 14848K, 99% used [0x0000000779380000,0x000000077a1f9130,0x000000077a200000)
  to   space 18432K, 0% used [0x0000000778180000,0x0000000778180000,0x0000000779380000)
 ParOldGen       total 167936K, used 20802K [0x00000006c3600000, 0x00000006cda00000, 0x000000076bd00000)
  object space 167936K, 12% used [0x00000006c3600000,0x00000006c4a50a30,0x00000006cda00000)
 Metaspace       used 47462K, capacity 48628K, committed 48768K, reserved 1091584K
  class space    used 6521K, capacity 6913K, committed 7040K, reserved 1048576K
}
Event: 36.058 GC heap before
{Heap before GC invocations=11 (full 2):
 PSYoungGen      total 216064K, used 177074K [0x000000076bd00000, 0x000000077a900000, 0x00000007c0000000)
  eden space 201216K, 80% used [0x000000076bd00000,0x0000000775b737f8,0x0000000778180000)
  from space 14848K, 99% used [0x0000000779380000,0x000000077a1f9130,0x000000077a200000)
  to   space 18432K, 0% used [0x0000000778180000,0x0000000778180000,0x0000000779380000)
 ParOldGen       total 167936K, used 20802K [0x00000006c3600000, 0x00000006cda00000, 0x000000076bd00000)
  object space 167936K, 12% used [0x00000006c3600000,0x00000006c4a50a30,0x00000006cda00000)
 Metaspace       used 57539K, capacity 58990K, committed 59136K, reserved 1099776K
  class space    used 7594K, capacity 8082K, committed 8192K, reserved 1048576K
Event: 36.072 GC heap after
Heap after GC invocations=11 (full 2):
 PSYoungGen      total 219648K, used 18403K [0x000000076bd00000, 0x000000077e000000, 0x00000007c0000000)
  eden space 201216K, 0% used [0x000000076bd00000,0x000000076bd00000,0x0000000778180000)
  from space 18432K, 99% used [0x0000000778180000,0x0000000779378c48,0x0000000779380000)
  to   space 26112K, 0% used [0x000000077c680000,0x000000077c680000,0x000000077e000000)
 ParOldGen       total 167936K, used 34365K [0x00000006c3600000, 0x00000006cda00000, 0x000000076bd00000)
  object space 167936K, 20% used [0x00000006c3600000,0x00000006c578f570,0x00000006cda00000)
 Metaspace       used 57539K, capacity 58990K, committed 59136K, reserved 1099776K
  class space    used 7594K, capacity 8082K, committed 8192K, reserved 1048576K
}
Event: 36.072 GC heap before
{Heap before GC invocations=12 (full 3):
 PSYoungGen      total 219648K, used 18403K [0x000000076bd00000, 0x000000077e000000, 0x00000007c0000000)
  eden space 201216K, 0% used [0x000000076bd00000,0x000000076bd00000,0x0000000778180000)
  from space 18432K, 99% used [0x0000000778180000,0x0000000779378c48,0x0000000779380000)
  to   space 26112K, 0% used [0x000000077c680000,0x000000077c680000,0x000000077e000000)
 ParOldGen       total 167936K, used 34365K [0x00000006c3600000, 0x00000006cda00000, 0x000000076bd00000)
  object space 167936K, 20% used [0x00000006c3600000,0x00000006c578f570,0x00000006cda00000)
 Metaspace       used 57539K, capacity 58990K, committed 59136K, reserved 1099776K
  class space    used 7594K, capacity 8082K, committed 8192K, reserved 1048576K
Event: 36.195 GC heap after
Heap after GC invocations=12 (full 3):
 PSYoungGen      total 219648K, used 0K [0x000000076bd00000, 0x000000077e000000, 0x00000007c0000000)
  eden space 201216K, 0% used [0x000000076bd00000,0x000000076bd00000,0x0000000778180000)
  from space 18432K, 0% used [0x0000000778180000,0x0000000778180000,0x0000000779380000)
  to   space 26112K, 0% used [0x000000077c680000,0x000000077c680000,0x000000077e000000)
 ParOldGen       total 251904K, used 43963K [0x00000006c3600000, 0x00000006d2c00000, 0x000000076bd00000)
  object space 251904K, 17% used [0x00000006c3600000,0x00000006c60eed00,0x00000006d2c00000)
 Metaspace       used 57349K, capacity 58774K, committed 59136K, reserved 1099776K
  class space    used 7540K, capacity 8010K, committed 8192K, reserved 1048576K
}
Event: 37.353 GC heap before
{Heap before GC invocations=13 (full 3):
 PSYoungGen      total 219648K, used 201216K [0x000000076bd00000, 0x000000077e000000, 0x00000007c0000000)
  eden space 201216K, 100% used [0x000000076bd00000,0x0000000778180000,0x0000000778180000)
  from space 18432K, 0% used [0x0000000778180000,0x0000000778180000,0x0000000779380000)
  to   space 26112K, 0% used [0x000000077c680000,0x000000077c680000,0x000000077e000000)
 ParOldGen       total 251904K, used 43963K [0x00000006c3600000, 0x00000006d2c00000, 0x000000076bd00000)
  object space 251904K, 17% used [0x00000006c3600000,0x00000006c60eed00,0x00000006d2c00000)
 Metaspace       used 64379K, capacity 65868K, committed 66176K, reserved 1107968K
  class space    used 8066K, capacity 8559K, committed 8576K, reserved 1048576K
Event: 37.364 GC heap after
Heap after GC invocations=13 (full 3):
 PSYoungGen      total 269312K, used 24219K [0x000000076bd00000, 0x000000077ec00000, 0x00000007c0000000)
  eden space 243200K, 0% used [0x000000076bd00000,0x000000076bd00000,0x000000077aa80000)
  from space 26112K, 92% used [0x000000077c680000,0x000000077de26cb0,0x000000077e000000)
  to   space 28672K, 0% used [0x000000077aa80000,0x000000077aa80000,0x000000077c680000)
 ParOldGen       total 251904K, used 43971K [0x00000006c3600000, 0x00000006d2c00000, 0x000000076bd00000)
  object space 251904K, 17% used [0x00000006c3600000,0x00000006c60f0d00,0x00000006d2c00000)
 Metaspace       used 64379K, capacity 65868K, committed 66176K, reserved 1107968K
  class space    used 8066K, capacity 8559K, committed 8576K, reserved 1048576K
}
Event: 38.133 GC heap before
{Heap before GC invocations=14 (full 3):
 PSYoungGen      total 269312K, used 267419K [0x000000076bd00000, 0x000000077ec00000, 0x00000007c0000000)
  eden space 243200K, 100% used [0x000000076bd00000,0x000000077aa80000,0x000000077aa80000)
  from space 26112K, 92% used [0x000000077c680000,0x000000077de26cb0,0x000000077e000000)
  to   space 28672K, 0% used [0x000000077aa80000,0x000000077aa80000,0x000000077c680000)
 ParOldGen       total 251904K, used 43971K [0x00000006c3600000, 0x00000006d2c00000, 0x000000076bd00000)
  object space 251904K, 17% used [0x00000006c3600000,0x00000006c60f0d00,0x00000006d2c00000)
 Metaspace       used 65413K, capacity 66892K, committed 67200K, reserved 1107968K
  class space    used 8077K, capacity 8559K, committed 8576K, reserved 1048576K
Event: 38.145 GC heap after
Heap after GC invocations=14 (full 3):
 PSYoungGen      total 271872K, used 28640K [0x000000076bd00000, 0x0000000782d00000, 0x00000007c0000000)
  eden space 243200K, 0% used [0x000000076bd00000,0x000000076bd00000,0x000000077aa80000)
  from space 28672K, 99% used [0x000000077aa80000,0x000000077c678328,0x000000077c680000)
  to   space 33280K, 0% used [0x0000000780c80000,0x0000000780c80000,0x0000000782d00000)
 ParOldGen       total 251904K, used 45647K [0x00000006c3600000, 0x00000006d2c00000, 0x000000076bd00000)
  object space 251904K, 18% used [0x00000006c3600000,0x00000006c6293cf0,0x00000006d2c00000)
 Metaspace       used 65413K, capacity 66892K, committed 67200K, reserved 1107968K
  class space    used 8077K, capacity 8559K, committed 8576K, reserved 1048576K
}

