# JRE version: OpenJDK Runtime Environment (8.0_362-b08) (build 1.8.0_362-b08)
# Java VM: OpenJDK 64-Bit Server VM (25.362-b08 mixed mode windows-amd64 compressed oops)
Heap:
 PSYoungGen      total 140288K, used 77660K [0x000000076bd00000, 0x0000000776500000, 0x00000007c0000000)
  eden space 126976K, 61% used [0x000000076bd00000,0x00000007708d70b8,0x0000000773900000)
  from space 13312K, 0% used [0x0000000775800000,0x0000000775800000,0x0000000776500000)
  to   space 10752K, 0% used [0x0000000773900000,0x0000000773900000,0x0000000774380000)
 ParOldGen       total 107008K, used 22418K [0x00000006c3600000, 0x00000006c9e80000, 0x000000076bd00000)
  object space 107008K, 20% used [0x00000006c3600000,0x00000006c4be48d8,0x00000006c9e80000)
 Metaspace       used 39589K, capacity 40448K, committed 40704K, reserved 1083392K
  class space    used 5722K, capacity 6029K, committed 6144K, reserved 1048576K
GC Heap History (10 events):
Event: 1.307 GC heap before
{Heap before GC invocations=4 (full 1):
 PSYoungGen      total 75776K, used 9574K [0x000000076bd00000, 0x0000000775100000, 0x00000007c0000000)
  eden space 65024K, 0% used [0x000000076bd00000,0x000000076bd00000,0x000000076fc80000)
  from space 10752K, 89% used [0x000000076fc80000,0x00000007705d98e0,0x0000000770700000)
  to   space 10752K, 0% used [0x0000000774680000,0x0000000774680000,0x0000000775100000)
 ParOldGen       total 173568K, used 32K [0x00000006c3600000, 0x00000006cdf80000, 0x000000076bd00000)
  object space 173568K, 0% used [0x00000006c3600000,0x00000006c3608000,0x00000006cdf80000)
 Metaspace       used 20781K, capacity 21080K, committed 21296K, reserved 1067008K
  class space    used 2962K, capacity 3073K, committed 3200K, reserved 1048576K
Event: 1.325 GC heap after
Heap after GC invocations=4 (full 1):
 PSYoungGen      total 75776K, used 0K [0x000000076bd00000, 0x0000000775100000, 0x00000007c0000000)
  eden space 65024K, 0% used [0x000000076bd00000,0x000000076bd00000,0x000000076fc80000)
  from space 10752K, 0% used [0x000000076fc80000,0x000000076fc80000,0x0000000770700000)
  to   space 10752K, 0% used [0x0000000774680000,0x0000000774680000,0x0000000775100000)
 ParOldGen       total 107008K, used 9252K [0x00000006c3600000, 0x00000006c9e80000, 0x000000076bd00000)
  object space 107008K, 8% used [0x00000006c3600000,0x00000006c3f09028,0x00000006c9e80000)
 Metaspace       used 20781K, capacity 21080K, committed 21296K, reserved 1067008K
  class space    used 2962K, capacity 3073K, committed 3200K, reserved 1048576K
}
Event: 1.708 GC heap before
{Heap before GC invocations=5 (full 1):
 PSYoungGen      total 75776K, used 65024K [0x000000076bd00000, 0x0000000775100000, 0x00000007c0000000)
  eden space 65024K, 100% used [0x000000076bd00000,0x000000076fc80000,0x000000076fc80000)
  from space 10752K, 0% used [0x000000076fc80000,0x000000076fc80000,0x0000000770700000)
  to   space 10752K, 0% used [0x0000000774680000,0x0000000774680000,0x0000000775100000)
 ParOldGen       total 107008K, used 9252K [0x00000006c3600000, 0x00000006c9e80000, 0x000000076bd00000)
  object space 107008K, 8% used [0x00000006c3600000,0x00000006c3f09028,0x00000006c9e80000)
 Metaspace       used 26499K, capacity 26894K, committed 27136K, reserved 1073152K
  class space    used 3691K, capacity 3810K, committed 3840K, reserved 1048576K
Event: 1.711 GC heap after
Heap after GC invocations=5 (full 1):
 PSYoungGen      total 104448K, used 7266K [0x000000076bd00000, 0x0000000774e00000, 0x00000007c0000000)
  eden space 96768K, 0% used [0x000000076bd00000,0x000000076bd00000,0x0000000771b80000)
  from space 7680K, 94% used [0x0000000774680000,0x0000000774d98b38,0x0000000774e00000)
  to   space 10752K, 0% used [0x0000000773900000,0x0000000773900000,0x0000000774380000)
 ParOldGen       total 107008K, used 9260K [0x00000006c3600000, 0x00000006c9e80000, 0x000000076bd00000)
  object space 107008K, 8% used [0x00000006c3600000,0x00000006c3f0b028,0x00000006c9e80000)
 Metaspace       used 26499K, capacity 26894K, committed 27136K, reserved 1073152K
  class space    used 3691K, capacity 3810K, committed 3840K, reserved 1048576K
}
Event: 2.090 GC heap before
{Heap before GC invocations=6 (full 1):
 PSYoungGen      total 104448K, used 104034K [0x000000076bd00000, 0x0000000774e00000, 0x00000007c0000000)
  eden space 96768K, 100% used [0x000000076bd00000,0x0000000771b80000,0x0000000771b80000)
  from space 7680K, 94% used [0x0000000774680000,0x0000000774d98b38,0x0000000774e00000)
  to   space 10752K, 0% used [0x0000000773900000,0x0000000773900000,0x0000000774380000)
 ParOldGen       total 107008K, used 9260K [0x00000006c3600000, 0x00000006c9e80000, 0x000000076bd00000)
  object space 107008K, 8% used [0x00000006c3600000,0x00000006c3f0b028,0x00000006c9e80000)
 Metaspace       used 31523K, capacity 32174K, committed 32512K, reserved 1077248K
  class space    used 4598K, capacity 4796K, committed 4864K, reserved 1048576K
Event: 2.096 GC heap after
Heap after GC invocations=6 (full 1):
 PSYoungGen      total 137728K, used 10724K [0x000000076bd00000, 0x0000000776500000, 0x00000007c0000000)
  eden space 126976K, 0% used [0x000000076bd00000,0x000000076bd00000,0x0000000773900000)
  from space 10752K, 99% used [0x0000000773900000,0x0000000774379320,0x0000000774380000)
  to   space 13312K, 0% used [0x0000000775800000,0x0000000775800000,0x0000000776500000)
 ParOldGen       total 107008K, used 10312K [0x00000006c3600000, 0x00000006c9e80000, 0x000000076bd00000)
  object space 107008K, 9% used [0x00000006c3600000,0x00000006c4012128,0x00000006c9e80000)
 Metaspace       used 31523K, capacity 32174K, committed 32512K, reserved 1077248K
  class space    used 4598K, capacity 4796K, committed 4864K, reserved 1048576K
}
Event: 2.526 GC heap before
{Heap before GC invocations=7 (full 1):
 PSYoungGen      total 137728K, used 91015K [0x000000076bd00000, 0x0000000776500000, 0x00000007c0000000)
  eden space 126976K, 63% used [0x000000076bd00000,0x0000000770b68b30,0x0000000773900000)
  from space 10752K, 99% used [0x0000000773900000,0x0000000774379320,0x0000000774380000)
  to   space 13312K, 0% used [0x0000000775800000,0x0000000775800000,0x0000000776500000)
 ParOldGen       total 107008K, used 10312K [0x00000006c3600000, 0x00000006c9e80000, 0x000000076bd00000)
  object space 107008K, 9% used [0x00000006c3600000,0x00000006c4012128,0x00000006c9e80000)
 Metaspace       used 34699K, capacity 35406K, committed 35496K, reserved 1079296K
  class space    used 5120K, capacity 5341K, committed 5376K, reserved 1048576K
Event: 2.534 GC heap after
Heap after GC invocations=7 (full 1):
 PSYoungGen      total 140288K, used 13306K [0x000000076bd00000, 0x0000000776500000, 0x00000007c0000000)
  eden space 126976K, 0% used [0x000000076bd00000,0x000000076bd00000,0x0000000773900000)
  from space 13312K, 99% used [0x0000000775800000,0x00000007764fe830,0x0000000776500000)
  to   space 10752K, 0% used [0x0000000773900000,0x0000000773900000,0x0000000774380000)
 ParOldGen       total 107008K, used 12837K [0x00000006c3600000, 0x00000006c9e80000, 0x000000076bd00000)
  object space 107008K, 11% used [0x00000006c3600000,0x00000006c4289528,0x00000006c9e80000)
 Metaspace       used 34699K, capacity 35406K, committed 35496K, reserved 1079296K
  class space    used 5120K, capacity 5341K, committed 5376K, reserved 1048576K
}
Event: 2.534 GC heap before
{Heap before GC invocations=8 (full 2):
 PSYoungGen      total 140288K, used 13306K [0x000000076bd00000, 0x0000000776500000, 0x00000007c0000000)
  eden space 126976K, 0% used [0x000000076bd00000,0x000000076bd00000,0x0000000773900000)
  from space 13312K, 99% used [0x0000000775800000,0x00000007764fe830,0x0000000776500000)
  to   space 10752K, 0% used [0x0000000773900000,0x0000000773900000,0x0000000774380000)
 ParOldGen       total 107008K, used 12837K [0x00000006c3600000, 0x00000006c9e80000, 0x000000076bd00000)
  object space 107008K, 11% used [0x00000006c3600000,0x00000006c4289528,0x00000006c9e80000)
 Metaspace       used 34699K, capacity 35406K, committed 35496K, reserved 1079296K
  class space    used 5120K, capacity 5341K, committed 5376K, reserved 1048576K
Event: 2.569 GC heap after
Heap after GC invocations=8 (full 2):
 PSYoungGen      total 140288K, used 0K [0x000000076bd00000, 0x0000000776500000, 0x00000007c0000000)
  eden space 126976K, 0% used [0x000000076bd00000,0x000000076bd00000,0x0000000773900000)
  from space 13312K, 0% used [0x0000000775800000,0x0000000775800000,0x0000000776500000)
  to   space 10752K, 0% used [0x0000000773900000,0x0000000773900000,0x0000000774380000)
 ParOldGen       total 107008K, used 22418K [0x00000006c3600000, 0x00000006c9e80000, 0x000000076bd00000)
  object space 107008K, 20% used [0x00000006c3600000,0x00000006c4be48d8,0x00000006c9e80000)
 Metaspace       used 34699K, capacity 35406K, committed 35496K, reserved 1079296K
  class space    used 5120K, capacity 5341K, committed 5376K, reserved 1048576K
}

