# JRE version: OpenJDK Runtime Environment (8.0_362-b08) (build 1.8.0_362-b08)
# Java VM: OpenJDK 64-Bit Server VM (25.362-b08 mixed mode windows-amd64 compressed oops)
Heap:
 PSYoungGen      total 137728K, used 67878K [0x000000076bd00000, 0x0000000777780000, 0x00000007c0000000)
  eden space 126976K, 45% used [0x000000076bd00000,0x000000076f4cfc98,0x0000000773900000)
  from space 10752K, 99% used [0x0000000773900000,0x0000000774379b90,0x0000000774380000)
  to   space 13312K, 0% used [0x0000000776a80000,0x0000000776a80000,0x0000000777780000)
 ParOldGen       total 106496K, used 10629K [0x00000006c3600000, 0x00000006c9e00000, 0x000000076bd00000)
  object space 106496K, 9% used [0x00000006c3600000,0x00000006c4061538,0x00000006c9e00000)
 Metaspace       used 33313K, capacity 33986K, committed 34176K, reserved 1079296K
  class space    used 4895K, capacity 5130K, committed 5248K, reserved 1048576K
GC Heap History (10 events):
Event: 1.222 GC heap before
{Heap before GC invocations=2 (full 0):
 PSYoungGen      total 75776K, used 72178K [0x000000076bd00000, 0x0000000771180000, 0x00000007c0000000)
  eden space 65024K, 100% used [0x000000076bd00000,0x000000076fc80000,0x000000076fc80000)
  from space 10752K, 66% used [0x000000076fc80000,0x000000077037c978,0x0000000770700000)
  to   space 10752K, 0% used [0x0000000770700000,0x0000000770700000,0x0000000771180000)
 ParOldGen       total 173568K, used 16K [0x00000006c3600000, 0x00000006cdf80000, 0x000000076bd00000)
  object space 173568K, 0% used [0x00000006c3600000,0x00000006c3604000,0x00000006cdf80000)
 Metaspace       used 15992K, capacity 16236K, committed 16384K, reserved 1062912K
  class space    used 2346K, capacity 2462K, committed 2560K, reserved 1048576K
Event: 1.228 GC heap after
Heap after GC invocations=2 (full 0):
 PSYoungGen      total 75776K, used 10389K [0x000000076bd00000, 0x0000000771180000, 0x00000007c0000000)
  eden space 65024K, 0% used [0x000000076bd00000,0x000000076bd00000,0x000000076fc80000)
  from space 10752K, 96% used [0x0000000770700000,0x0000000771125490,0x0000000771180000)
  to   space 10752K, 0% used [0x000000076fc80000,0x000000076fc80000,0x0000000770700000)
 ParOldGen       total 173568K, used 24K [0x00000006c3600000, 0x00000006cdf80000, 0x000000076bd00000)
  object space 173568K, 0% used [0x00000006c3600000,0x00000006c3606000,0x00000006cdf80000)
 Metaspace       used 15992K, capacity 16236K, committed 16384K, reserved 1062912K
  class space    used 2346K, capacity 2462K, committed 2560K, reserved 1048576K
}
Event: 1.423 GC heap before
{Heap before GC invocations=3 (full 0):
 PSYoungGen      total 75776K, used 42473K [0x000000076bd00000, 0x0000000771180000, 0x00000007c0000000)
  eden space 65024K, 49% used [0x000000076bd00000,0x000000076dc54fc8,0x000000076fc80000)
  from space 10752K, 96% used [0x0000000770700000,0x0000000771125490,0x0000000771180000)
  to   space 10752K, 0% used [0x000000076fc80000,0x000000076fc80000,0x0000000770700000)
 ParOldGen       total 173568K, used 24K [0x00000006c3600000, 0x00000006cdf80000, 0x000000076bd00000)
  object space 173568K, 0% used [0x00000006c3600000,0x00000006c3606000,0x00000006cdf80000)
 Metaspace       used 20793K, capacity 21112K, committed 21296K, reserved 1067008K
  class space    used 2972K, capacity 3105K, committed 3200K, reserved 1048576K
Event: 1.429 GC heap after
Heap after GC invocations=3 (full 0):
 PSYoungGen      total 75776K, used 9820K [0x000000076bd00000, 0x0000000775100000, 0x00000007c0000000)
  eden space 65024K, 0% used [0x000000076bd00000,0x000000076bd00000,0x000000076fc80000)
  from space 10752K, 91% used [0x000000076fc80000,0x0000000770617360,0x0000000770700000)
  to   space 10752K, 0% used [0x0000000774680000,0x0000000774680000,0x0000000775100000)
 ParOldGen       total 173568K, used 32K [0x00000006c3600000, 0x00000006cdf80000, 0x000000076bd00000)
  object space 173568K, 0% used [0x00000006c3600000,0x00000006c3608000,0x00000006cdf80000)
 Metaspace       used 20793K, capacity 21112K, committed 21296K, reserved 1067008K
  class space    used 2972K, capacity 3105K, committed 3200K, reserved 1048576K
}
Event: 1.429 GC heap before
{Heap before GC invocations=4 (full 1):
 PSYoungGen      total 75776K, used 9820K [0x000000076bd00000, 0x0000000775100000, 0x00000007c0000000)
  eden space 65024K, 0% used [0x000000076bd00000,0x000000076bd00000,0x000000076fc80000)
  from space 10752K, 91% used [0x000000076fc80000,0x0000000770617360,0x0000000770700000)
  to   space 10752K, 0% used [0x0000000774680000,0x0000000774680000,0x0000000775100000)
 ParOldGen       total 173568K, used 32K [0x00000006c3600000, 0x00000006cdf80000, 0x000000076bd00000)
  object space 173568K, 0% used [0x00000006c3600000,0x00000006c3608000,0x00000006cdf80000)
 Metaspace       used 20793K, capacity 21112K, committed 21296K, reserved 1067008K
  class space    used 2972K, capacity 3105K, committed 3200K, reserved 1048576K
Event: 1.448 GC heap after
Heap after GC invocations=4 (full 1):
 PSYoungGen      total 75776K, used 0K [0x000000076bd00000, 0x0000000775100000, 0x00000007c0000000)
  eden space 65024K, 0% used [0x000000076bd00000,0x000000076bd00000,0x000000076fc80000)
  from space 10752K, 0% used [0x000000076fc80000,0x000000076fc80000,0x0000000770700000)
  to   space 10752K, 0% used [0x0000000774680000,0x0000000774680000,0x0000000775100000)
 ParOldGen       total 106496K, used 9390K [0x00000006c3600000, 0x00000006c9e00000, 0x000000076bd00000)
  object space 106496K, 8% used [0x00000006c3600000,0x00000006c3f2b858,0x00000006c9e00000)
 Metaspace       used 20793K, capacity 21112K, committed 21296K, reserved 1067008K
  class space    used 2972K, capacity 3105K, committed 3200K, reserved 1048576K
}
Event: 1.860 GC heap before
{Heap before GC invocations=5 (full 1):
 PSYoungGen      total 75776K, used 65024K [0x000000076bd00000, 0x0000000775100000, 0x00000007c0000000)
  eden space 65024K, 100% used [0x000000076bd00000,0x000000076fc80000,0x000000076fc80000)
  from space 10752K, 0% used [0x000000076fc80000,0x000000076fc80000,0x0000000770700000)
  to   space 10752K, 0% used [0x0000000774680000,0x0000000774680000,0x0000000775100000)
 ParOldGen       total 106496K, used 9390K [0x00000006c3600000, 0x00000006c9e00000, 0x000000076bd00000)
  object space 106496K, 8% used [0x00000006c3600000,0x00000006c3f2b858,0x00000006c9e00000)
 Metaspace       used 26492K, capacity 26868K, committed 27136K, reserved 1073152K
  class space    used 3682K, capacity 3780K, committed 3840K, reserved 1048576K
Event: 1.870 GC heap after
Heap after GC invocations=5 (full 1):
 PSYoungGen      total 109056K, used 7257K [0x000000076bd00000, 0x0000000774e00000, 0x00000007c0000000)
  eden space 101376K, 0% used [0x000000076bd00000,0x000000076bd00000,0x0000000772000000)
  from space 7680K, 94% used [0x0000000774680000,0x0000000774d96790,0x0000000774e00000)
  to   space 10752K, 0% used [0x0000000773900000,0x0000000773900000,0x0000000774380000)
 ParOldGen       total 106496K, used 9398K [0x00000006c3600000, 0x00000006c9e00000, 0x000000076bd00000)
  object space 106496K, 8% used [0x00000006c3600000,0x00000006c3f2d858,0x00000006c9e00000)
 Metaspace       used 26492K, capacity 26868K, committed 27136K, reserved 1073152K
  class space    used 3682K, capacity 3780K, committed 3840K, reserved 1048576K
}
Event: 2.444 GC heap before
{Heap before GC invocations=6 (full 1):
 PSYoungGen      total 109056K, used 108633K [0x000000076bd00000, 0x0000000774e00000, 0x00000007c0000000)
  eden space 101376K, 100% used [0x000000076bd00000,0x0000000772000000,0x0000000772000000)
  from space 7680K, 94% used [0x0000000774680000,0x0000000774d96790,0x0000000774e00000)
  to   space 10752K, 0% used [0x0000000773900000,0x0000000773900000,0x0000000774380000)
 ParOldGen       total 106496K, used 9398K [0x00000006c3600000, 0x00000006c9e00000, 0x000000076bd00000)
  object space 106496K, 8% used [0x00000006c3600000,0x00000006c3f2d858,0x00000006c9e00000)
 Metaspace       used 31683K, capacity 32270K, committed 32512K, reserved 1077248K
  class space    used 4614K, capacity 4828K, committed 4864K, reserved 1048576K
Event: 2.465 GC heap after
Heap after GC invocations=6 (full 1):
 PSYoungGen      total 137728K, used 10726K [0x000000076bd00000, 0x0000000777780000, 0x00000007c0000000)
  eden space 126976K, 0% used [0x000000076bd00000,0x000000076bd00000,0x0000000773900000)
  from space 10752K, 99% used [0x0000000773900000,0x0000000774379b90,0x0000000774380000)
  to   space 13312K, 0% used [0x0000000776a80000,0x0000000776a80000,0x0000000777780000)
 ParOldGen       total 106496K, used 10629K [0x00000006c3600000, 0x00000006c9e00000, 0x000000076bd00000)
  object space 106496K, 9% used [0x00000006c3600000,0x00000006c4061538,0x00000006c9e00000)
 Metaspace       used 31683K, capacity 32270K, committed 32512K, reserved 1077248K
  class space    used 4614K, capacity 4828K, committed 4864K, reserved 1048576K
}

