# JRE version: OpenJDK Runtime Environment (8.0_362-b08) (build 1.8.0_362-b08)
# Java VM: OpenJDK 64-Bit Server VM (25.362-b08 mixed mode windows-amd64 compressed oops)
Heap:
 PSYoungGen      total 140288K, used 123971K [0x000000076bd00000, 0x0000000777580000, 0x00000007c0000000)
  eden space 126976K, 87% used [0x000000076bd00000,0x0000000772912e80,0x0000000773900000)
  from space 13312K, 99% used [0x0000000776880000,0x000000077757ddd0,0x0000000777580000)
  to   space 10752K, 0% used [0x0000000773900000,0x0000000773900000,0x0000000774380000)
 ParOldGen       total 105472K, used 24177K [0x00000006c3600000, 0x00000006c9d00000, 0x000000076bd00000)
  object space 105472K, 22% used [0x00000006c3600000,0x00000006c4d9c6a8,0x00000006c9d00000)
 Metaspace       used 48079K, capacity 48998K, committed 49280K, reserved 1091584K
  class space    used 6471K, capacity 6772K, committed 6784K, reserved 1048576K
GC Heap History (10 events):
Event: 2.791 GC heap before
{Heap before GC invocations=7 (full 1):
 PSYoungGen      total 137728K, used 95370K [0x000000076bd00000, 0x0000000777580000, 0x00000007c0000000)
  eden space 126976K, 66% used [0x000000076bd00000,0x0000000770fa9b38,0x0000000773900000)
  from space 10752K, 99% used [0x0000000773900000,0x0000000774378db8,0x0000000774380000)
  to   space 13312K, 0% used [0x0000000776880000,0x0000000776880000,0x0000000777580000)
 ParOldGen       total 105472K, used 10741K [0x00000006c3600000, 0x00000006c9d00000, 0x000000076bd00000)
  object space 105472K, 10% used [0x00000006c3600000,0x00000006c407d5c8,0x00000006c9d00000)
 Metaspace       used 34834K, capacity 35410K, committed 35496K, reserved 1079296K
  class space    used 5147K, capacity 5342K, committed 5376K, reserved 1048576K
Event: 2.798 GC heap after
Heap after GC invocations=7 (full 1):
 PSYoungGen      total 140288K, used 13301K [0x000000076bd00000, 0x0000000777580000, 0x00000007c0000000)
  eden space 126976K, 0% used [0x000000076bd00000,0x000000076bd00000,0x0000000773900000)
  from space 13312K, 99% used [0x0000000776880000,0x000000077757d600,0x0000000777580000)
  to   space 10752K, 0% used [0x0000000773900000,0x0000000773900000,0x0000000774380000)
 ParOldGen       total 105472K, used 13989K [0x00000006c3600000, 0x00000006c9d00000, 0x000000076bd00000)
  object space 105472K, 13% used [0x00000006c3600000,0x00000006c43a96d0,0x00000006c9d00000)
 Metaspace       used 34834K, capacity 35410K, committed 35496K, reserved 1079296K
  class space    used 5147K, capacity 5342K, committed 5376K, reserved 1048576K
}
Event: 2.798 GC heap before
{Heap before GC invocations=8 (full 2):
 PSYoungGen      total 140288K, used 13301K [0x000000076bd00000, 0x0000000777580000, 0x00000007c0000000)
  eden space 126976K, 0% used [0x000000076bd00000,0x000000076bd00000,0x0000000773900000)
  from space 13312K, 99% used [0x0000000776880000,0x000000077757d600,0x0000000777580000)
  to   space 10752K, 0% used [0x0000000773900000,0x0000000773900000,0x0000000774380000)
 ParOldGen       total 105472K, used 13989K [0x00000006c3600000, 0x00000006c9d00000, 0x000000076bd00000)
  object space 105472K, 13% used [0x00000006c3600000,0x00000006c43a96d0,0x00000006c9d00000)
 Metaspace       used 34834K, capacity 35410K, committed 35496K, reserved 1079296K
  class space    used 5147K, capacity 5342K, committed 5376K, reserved 1048576K
Event: 2.833 GC heap after
Heap after GC invocations=8 (full 2):
 PSYoungGen      total 140288K, used 0K [0x000000076bd00000, 0x0000000777580000, 0x00000007c0000000)
  eden space 126976K, 0% used [0x000000076bd00000,0x000000076bd00000,0x0000000773900000)
  from space 13312K, 0% used [0x0000000776880000,0x0000000776880000,0x0000000777580000)
  to   space 10752K, 0% used [0x0000000773900000,0x0000000773900000,0x0000000774380000)
 ParOldGen       total 105472K, used 23143K [0x00000006c3600000, 0x00000006c9d00000, 0x000000076bd00000)
  object space 105472K, 21% used [0x00000006c3600000,0x00000006c4c99ce0,0x00000006c9d00000)
 Metaspace       used 34834K, capacity 35410K, committed 35496K, reserved 1079296K
  class space    used 5147K, capacity 5342K, committed 5376K, reserved 1048576K
}
Event: 2.901 GC heap before
{Heap before GC invocations=9 (full 2):
 PSYoungGen      total 140288K, used 2164K [0x000000076bd00000, 0x0000000777580000, 0x00000007c0000000)
  eden space 126976K, 1% used [0x000000076bd00000,0x000000076bf1d060,0x0000000773900000)
  from space 13312K, 0% used [0x0000000776880000,0x0000000776880000,0x0000000777580000)
  to   space 10752K, 0% used [0x0000000773900000,0x0000000773900000,0x0000000774380000)
 ParOldGen       total 105472K, used 23143K [0x00000006c3600000, 0x00000006c9d00000, 0x000000076bd00000)
  object space 105472K, 21% used [0x00000006c3600000,0x00000006c4c99ce0,0x00000006c9d00000)
 Metaspace       used 34895K, capacity 35504K, committed 35752K, reserved 1079296K
  class space    used 5161K, capacity 5347K, committed 5376K, reserved 1048576K
Event: 2.903 GC heap after
Heap after GC invocations=9 (full 2):
 PSYoungGen      total 137728K, used 384K [0x000000076bd00000, 0x0000000777580000, 0x00000007c0000000)
  eden space 126976K, 0% used [0x000000076bd00000,0x000000076bd00000,0x0000000773900000)
  from space 10752K, 3% used [0x0000000773900000,0x0000000773960000,0x0000000774380000)
  to   space 13312K, 0% used [0x0000000776880000,0x0000000776880000,0x0000000777580000)
 ParOldGen       total 105472K, used 23143K [0x00000006c3600000, 0x00000006c9d00000, 0x000000076bd00000)
  object space 105472K, 21% used [0x00000006c3600000,0x00000006c4c99ce0,0x00000006c9d00000)
 Metaspace       used 34895K, capacity 35504K, committed 35752K, reserved 1079296K
  class space    used 5161K, capacity 5347K, committed 5376K, reserved 1048576K
}
Event: 2.903 GC heap before
{Heap before GC invocations=10 (full 3):
 PSYoungGen      total 137728K, used 384K [0x000000076bd00000, 0x0000000777580000, 0x00000007c0000000)
  eden space 126976K, 0% used [0x000000076bd00000,0x000000076bd00000,0x0000000773900000)
  from space 10752K, 3% used [0x0000000773900000,0x0000000773960000,0x0000000774380000)
  to   space 13312K, 0% used [0x0000000776880000,0x0000000776880000,0x0000000777580000)
 ParOldGen       total 105472K, used 23143K [0x00000006c3600000, 0x00000006c9d00000, 0x000000076bd00000)
  object space 105472K, 21% used [0x00000006c3600000,0x00000006c4c99ce0,0x00000006c9d00000)
 Metaspace       used 34895K, capacity 35504K, committed 35752K, reserved 1079296K
  class space    used 5161K, capacity 5347K, committed 5376K, reserved 1048576K
Event: 2.979 GC heap after
Heap after GC invocations=10 (full 3):
 PSYoungGen      total 137728K, used 0K [0x000000076bd00000, 0x0000000777580000, 0x00000007c0000000)
  eden space 126976K, 0% used [0x000000076bd00000,0x000000076bd00000,0x0000000773900000)
  from space 10752K, 0% used [0x0000000773900000,0x0000000773900000,0x0000000774380000)
  to   space 13312K, 0% used [0x0000000776880000,0x0000000776880000,0x0000000777580000)
 ParOldGen       total 105472K, used 21410K [0x00000006c3600000, 0x00000006c9d00000, 0x000000076bd00000)
  object space 105472K, 20% used [0x00000006c3600000,0x00000006c4ae89b0,0x00000006c9d00000)
 Metaspace       used 34895K, capacity 35504K, committed 35752K, reserved 1079296K
  class space    used 5161K, capacity 5347K, committed 5376K, reserved 1048576K
}
Event: 37.744 GC heap before
{Heap before GC invocations=11 (full 3):
 PSYoungGen      total 137728K, used 126976K [0x000000076bd00000, 0x0000000777580000, 0x00000007c0000000)
  eden space 126976K, 100% used [0x000000076bd00000,0x0000000773900000,0x0000000773900000)
  from space 10752K, 0% used [0x0000000773900000,0x0000000773900000,0x0000000774380000)
  to   space 13312K, 0% used [0x0000000776880000,0x0000000776880000,0x0000000777580000)
 ParOldGen       total 105472K, used 21410K [0x00000006c3600000, 0x00000006c9d00000, 0x000000076bd00000)
  object space 105472K, 20% used [0x00000006c3600000,0x00000006c4ae89b0,0x00000006c9d00000)
 Metaspace       used 43014K, capacity 43942K, committed 44160K, reserved 1087488K
  class space    used 5967K, capacity 6260K, committed 6272K, reserved 1048576K
Event: 37.750 GC heap after
Heap after GC invocations=11 (full 3):
 PSYoungGen      total 140288K, used 13303K [0x000000076bd00000, 0x0000000777580000, 0x00000007c0000000)
  eden space 126976K, 0% used [0x000000076bd00000,0x000000076bd00000,0x0000000773900000)
  from space 13312K, 99% used [0x0000000776880000,0x000000077757ddd0,0x0000000777580000)
  to   space 10752K, 0% used [0x0000000773900000,0x0000000773900000,0x0000000774380000)
 ParOldGen       total 105472K, used 24177K [0x00000006c3600000, 0x00000006c9d00000, 0x000000076bd00000)
  object space 105472K, 22% used [0x00000006c3600000,0x00000006c4d9c6a8,0x00000006c9d00000)
 Metaspace       used 43014K, capacity 43942K, committed 44160K, reserved 1087488K
  class space    used 5967K, capacity 6260K, committed 6272K, reserved 1048576K
}

