# JRE version: OpenJDK Runtime Environment (8.0_362-b08) (build 1.8.0_362-b08)
# Java VM: OpenJDK 64-Bit Server VM (25.362-b08 mixed mode windows-amd64 compressed oops)
Heap:
 PSYoungGen      total 222720K, used 152082K [0x000000076bd00000, 0x000000077eb80000, 0x00000007c0000000)
  eden space 204800K, 74% used [0x000000076bd00000,0x0000000775184bf8,0x0000000778500000)
  from space 17920K, 0% used [0x0000000778500000,0x0000000778500000,0x0000000779680000)
  to   space 28672K, 0% used [0x000000077cf80000,0x000000077cf80000,0x000000077eb80000)
 ParOldGen       total 259584K, used 51131K [0x00000006c3600000, 0x00000006d3380000, 0x000000076bd00000)
  object space 259584K, 19% used [0x00000006c3600000,0x00000006c67eed48,0x00000006d3380000)
 Metaspace       used 62327K, capacity 63702K, committed 64000K, reserved 1105920K
  class space    used 7954K, capacity 8420K, committed 8448K, reserved 1048576K
GC Heap History (10 events):
Event: 2.585 GC heap before
{Heap before GC invocations=8 (full 2):
 PSYoungGen      total 158208K, used 10234K [0x000000076bd00000, 0x0000000779d00000, 0x00000007c0000000)
  eden space 143360K, 0% used [0x000000076bd00000,0x000000076bd00000,0x0000000774900000)
  from space 14848K, 68% used [0x0000000775700000,0x00000007760fe820,0x0000000776580000)
  to   space 14336K, 0% used [0x0000000774900000,0x0000000774900000,0x0000000775700000)
 ParOldGen       total 107520K, used 12093K [0x00000006c3600000, 0x00000006c9f00000, 0x000000076bd00000)
  object space 107520K, 11% used [0x00000006c3600000,0x00000006c41cf6e8,0x00000006c9f00000)
 Metaspace       used 34709K, capacity 35452K, committed 35496K, reserved 1079296K
  class space    used 4853K, capacity 5108K, committed 5120K, reserved 1048576K
Event: 2.611 GC heap after
Heap after GC invocations=8 (full 2):
 PSYoungGen      total 158208K, used 0K [0x000000076bd00000, 0x0000000779d00000, 0x00000007c0000000)
  eden space 143360K, 0% used [0x000000076bd00000,0x000000076bd00000,0x0000000774900000)
  from space 14848K, 0% used [0x0000000775700000,0x0000000775700000,0x0000000776580000)
  to   space 14336K, 0% used [0x0000000774900000,0x0000000774900000,0x0000000775700000)
 ParOldGen       total 165888K, used 17024K [0x00000006c3600000, 0x00000006cd800000, 0x000000076bd00000)
  object space 165888K, 10% used [0x00000006c3600000,0x00000006c46a03c8,0x00000006cd800000)
 Metaspace       used 34676K, capacity 35332K, committed 35496K, reserved 1079296K
  class space    used 4841K, capacity 5068K, committed 5120K, reserved 1048576K
}
Event: 3.729 GC heap before
{Heap before GC invocations=9 (full 2):
 PSYoungGen      total 158208K, used 143360K [0x000000076bd00000, 0x0000000779d00000, 0x00000007c0000000)
  eden space 143360K, 100% used [0x000000076bd00000,0x0000000774900000,0x0000000774900000)
  from space 14848K, 0% used [0x0000000775700000,0x0000000775700000,0x0000000776580000)
  to   space 14336K, 0% used [0x0000000774900000,0x0000000774900000,0x0000000775700000)
 ParOldGen       total 165888K, used 17024K [0x00000006c3600000, 0x00000006cd800000, 0x000000076bd00000)
  object space 165888K, 10% used [0x00000006c3600000,0x00000006c46a03c8,0x00000006cd800000)
 Metaspace       used 40681K, capacity 41744K, committed 41856K, reserved 1085440K
  class space    used 5820K, capacity 6173K, committed 6272K, reserved 1048576K
Event: 3.734 GC heap after
Heap after GC invocations=9 (full 2):
 PSYoungGen      total 157696K, used 12062K [0x000000076bd00000, 0x000000077a500000, 0x00000007c0000000)
  eden space 143360K, 0% used [0x000000076bd00000,0x000000076bd00000,0x0000000774900000)
  from space 14336K, 84% used [0x0000000774900000,0x00000007754c7a38,0x0000000775700000)
  to   space 14848K, 0% used [0x0000000779680000,0x0000000779680000,0x000000077a500000)
 ParOldGen       total 165888K, used 17032K [0x00000006c3600000, 0x00000006cd800000, 0x000000076bd00000)
  object space 165888K, 10% used [0x00000006c3600000,0x00000006c46a23c8,0x00000006cd800000)
 Metaspace       used 40681K, capacity 41744K, committed 41856K, reserved 1085440K
  class space    used 5820K, capacity 6173K, committed 6272K, reserved 1048576K
}
Event: 4.395 GC heap before
{Heap before GC invocations=10 (full 2):
 PSYoungGen      total 157696K, used 155422K [0x000000076bd00000, 0x000000077a500000, 0x00000007c0000000)
  eden space 143360K, 100% used [0x000000076bd00000,0x0000000774900000,0x0000000774900000)
  from space 14336K, 84% used [0x0000000774900000,0x00000007754c7a38,0x0000000775700000)
  to   space 14848K, 0% used [0x0000000779680000,0x0000000779680000,0x000000077a500000)
 ParOldGen       total 165888K, used 17032K [0x00000006c3600000, 0x00000006cd800000, 0x000000076bd00000)
  object space 165888K, 10% used [0x00000006c3600000,0x00000006c46a23c8,0x00000006cd800000)
 Metaspace       used 47450K, capacity 48692K, committed 49024K, reserved 1091584K
  class space    used 6521K, capacity 6913K, committed 7040K, reserved 1048576K
Event: 4.404 GC heap after
Heap after GC invocations=10 (full 2):
 PSYoungGen      total 219648K, used 14820K [0x000000076bd00000, 0x000000077ab00000, 0x00000007c0000000)
  eden space 204800K, 0% used [0x000000076bd00000,0x000000076bd00000,0x0000000778500000)
  from space 14848K, 99% used [0x0000000779680000,0x000000077a4f9110,0x000000077a500000)
  to   space 17920K, 0% used [0x0000000778500000,0x0000000778500000,0x0000000779680000)
 ParOldGen       total 165888K, used 20718K [0x00000006c3600000, 0x00000006cd800000, 0x000000076bd00000)
  object space 165888K, 12% used [0x00000006c3600000,0x00000006c4a3ba80,0x00000006cd800000)
 Metaspace       used 47450K, capacity 48692K, committed 49024K, reserved 1091584K
  class space    used 6521K, capacity 6913K, committed 7040K, reserved 1048576K
}
Event: 19.288 GC heap before
{Heap before GC invocations=11 (full 2):
 PSYoungGen      total 219648K, used 205813K [0x000000076bd00000, 0x000000077ab00000, 0x00000007c0000000)
  eden space 204800K, 93% used [0x000000076bd00000,0x0000000777784580,0x0000000778500000)
  from space 14848K, 99% used [0x0000000779680000,0x000000077a4f9110,0x000000077a500000)
  to   space 17920K, 0% used [0x0000000778500000,0x0000000778500000,0x0000000779680000)
 ParOldGen       total 165888K, used 20718K [0x00000006c3600000, 0x00000006cd800000, 0x000000076bd00000)
  object space 165888K, 12% used [0x00000006c3600000,0x00000006c4a3ba80,0x00000006cd800000)
 Metaspace       used 57583K, capacity 58958K, committed 59136K, reserved 1099776K
  class space    used 7591K, capacity 8076K, committed 8192K, reserved 1048576K
Event: 19.303 GC heap after
Heap after GC invocations=11 (full 2):
 PSYoungGen      total 222720K, used 17905K [0x000000076bd00000, 0x000000077eb80000, 0x00000007c0000000)
  eden space 204800K, 0% used [0x000000076bd00000,0x000000076bd00000,0x0000000778500000)
  from space 17920K, 99% used [0x0000000778500000,0x000000077967c6f8,0x0000000779680000)
  to   space 28672K, 0% used [0x000000077cf80000,0x000000077cf80000,0x000000077eb80000)
 ParOldGen       total 165888K, used 42417K [0x00000006c3600000, 0x00000006cd800000, 0x000000076bd00000)
  object space 165888K, 25% used [0x00000006c3600000,0x00000006c5f6c6c0,0x00000006cd800000)
 Metaspace       used 57583K, capacity 58958K, committed 59136K, reserved 1099776K
  class space    used 7591K, capacity 8076K, committed 8192K, reserved 1048576K
}
Event: 19.303 GC heap before
{Heap before GC invocations=12 (full 3):
 PSYoungGen      total 222720K, used 17905K [0x000000076bd00000, 0x000000077eb80000, 0x00000007c0000000)
  eden space 204800K, 0% used [0x000000076bd00000,0x000000076bd00000,0x0000000778500000)
  from space 17920K, 99% used [0x0000000778500000,0x000000077967c6f8,0x0000000779680000)
  to   space 28672K, 0% used [0x000000077cf80000,0x000000077cf80000,0x000000077eb80000)
 ParOldGen       total 165888K, used 42417K [0x00000006c3600000, 0x00000006cd800000, 0x000000076bd00000)
  object space 165888K, 25% used [0x00000006c3600000,0x00000006c5f6c6c0,0x00000006cd800000)
 Metaspace       used 57583K, capacity 58958K, committed 59136K, reserved 1099776K
  class space    used 7591K, capacity 8076K, committed 8192K, reserved 1048576K
Event: 19.426 GC heap after
Heap after GC invocations=12 (full 3):
 PSYoungGen      total 222720K, used 0K [0x000000076bd00000, 0x000000077eb80000, 0x00000007c0000000)
  eden space 204800K, 0% used [0x000000076bd00000,0x000000076bd00000,0x0000000778500000)
  from space 17920K, 0% used [0x0000000778500000,0x0000000778500000,0x0000000779680000)
  to   space 28672K, 0% used [0x000000077cf80000,0x000000077cf80000,0x000000077eb80000)
 ParOldGen       total 259584K, used 51131K [0x00000006c3600000, 0x00000006d3380000, 0x000000076bd00000)
  object space 259584K, 19% used [0x00000006c3600000,0x00000006c67eed48,0x00000006d3380000)
 Metaspace       used 57396K, capacity 58742K, committed 59136K, reserved 1099776K
  class space    used 7538K, capacity 8004K, committed 8192K, reserved 1048576K
}

