# JRE version: OpenJDK Runtime Environment (8.0_362-b08) (build 1.8.0_362-b08)
# Java VM: OpenJDK 64-Bit Server VM (25.362-b08 mixed mode windows-amd64 compressed oops)
Heap:
 PSYoungGen      total 212992K, used 132292K [0x000000076bd00000, 0x000000077de80000, 0x00000007c0000000)
  eden space 193536K, 68% used [0x000000076bd00000,0x0000000773e31350,0x0000000777a00000)
  from space 19456K, 0% used [0x0000000777a00000,0x0000000777a00000,0x0000000778d00000)
  to   space 28672K, 0% used [0x000000077c280000,0x000000077c280000,0x000000077de80000)
 ParOldGen       total 267264K, used 53407K [0x00000006c3600000, 0x00000006d3b00000, 0x000000076bd00000)
  object space 267264K, 19% used [0x00000006c3600000,0x00000006c6a27fe0,0x00000006d3b00000)
 Metaspace       used 59351K, capacity 60836K, committed 61184K, reserved 1101824K
  class space    used 7662K, capacity 8129K, committed 8192K, reserved 1048576K
GC Heap History (10 events):
Event: 2.729 GC heap before
{Heap before GC invocations=8 (full 2):
 PSYoungGen      total 156160K, used 14314K [0x000000076bd00000, 0x000000077a080000, 0x00000007c0000000)
  eden space 141824K, 0% used [0x000000076bd00000,0x000000076bd00000,0x0000000774780000)
  from space 14336K, 99% used [0x0000000775800000,0x00000007765fa940,0x0000000776600000)
  to   space 16896K, 0% used [0x0000000774780000,0x0000000774780000,0x0000000775800000)
 ParOldGen       total 107520K, used 12109K [0x00000006c3600000, 0x00000006c9f00000, 0x000000076bd00000)
  object space 107520K, 11% used [0x00000006c3600000,0x00000006c41d3530,0x00000006c9f00000)
 Metaspace       used 34666K, capacity 35452K, committed 35496K, reserved 1079296K
  class space    used 5074K, capacity 5363K, committed 5376K, reserved 1048576K
Event: 2.763 GC heap after
Heap after GC invocations=8 (full 2):
 PSYoungGen      total 156160K, used 0K [0x000000076bd00000, 0x000000077a080000, 0x00000007c0000000)
  eden space 141824K, 0% used [0x000000076bd00000,0x000000076bd00000,0x0000000774780000)
  from space 14336K, 0% used [0x0000000775800000,0x0000000775800000,0x0000000776600000)
  to   space 16896K, 0% used [0x0000000774780000,0x0000000774780000,0x0000000775800000)
 ParOldGen       total 174592K, used 21842K [0x00000006c3600000, 0x00000006ce080000, 0x000000076bd00000)
  object space 174592K, 12% used [0x00000006c3600000,0x00000006c4b54880,0x00000006ce080000)
 Metaspace       used 34666K, capacity 35452K, committed 35496K, reserved 1079296K
  class space    used 5074K, capacity 5363K, committed 5376K, reserved 1048576K
}
Event: 3.491 GC heap before
{Heap before GC invocations=9 (full 2):
 PSYoungGen      total 156160K, used 141824K [0x000000076bd00000, 0x000000077a080000, 0x00000007c0000000)
  eden space 141824K, 100% used [0x000000076bd00000,0x0000000774780000,0x0000000774780000)
  from space 14336K, 0% used [0x0000000775800000,0x0000000775800000,0x0000000776600000)
  to   space 16896K, 0% used [0x0000000774780000,0x0000000774780000,0x0000000775800000)
 ParOldGen       total 174592K, used 21842K [0x00000006c3600000, 0x00000006ce080000, 0x000000076bd00000)
  object space 174592K, 12% used [0x00000006c3600000,0x00000006c4b54880,0x00000006ce080000)
 Metaspace       used 42754K, capacity 43806K, committed 44032K, reserved 1087488K
  class space    used 6013K, capacity 6352K, committed 6400K, reserved 1048576K
Event: 3.495 GC heap after
Heap after GC invocations=9 (full 2):
 PSYoungGen      total 158720K, used 9006K [0x000000076bd00000, 0x000000077a000000, 0x00000007c0000000)
  eden space 141824K, 0% used [0x000000076bd00000,0x000000076bd00000,0x0000000774780000)
  from space 16896K, 53% used [0x0000000774780000,0x000000077504baa0,0x0000000775800000)
  to   space 15872K, 0% used [0x0000000779080000,0x0000000779080000,0x000000077a000000)
 ParOldGen       total 174592K, used 21850K [0x00000006c3600000, 0x00000006ce080000, 0x000000076bd00000)
  object space 174592K, 12% used [0x00000006c3600000,0x00000006c4b56880,0x00000006ce080000)
 Metaspace       used 42754K, capacity 43806K, committed 44032K, reserved 1087488K
  class space    used 6013K, capacity 6352K, committed 6400K, reserved 1048576K
}
Event: 8.963 GC heap before
{Heap before GC invocations=10 (full 2):
 PSYoungGen      total 158720K, used 150830K [0x000000076bd00000, 0x000000077a000000, 0x00000007c0000000)
  eden space 141824K, 100% used [0x000000076bd00000,0x0000000774780000,0x0000000774780000)
  from space 16896K, 53% used [0x0000000774780000,0x000000077504baa0,0x0000000775800000)
  to   space 15872K, 0% used [0x0000000779080000,0x0000000779080000,0x000000077a000000)
 ParOldGen       total 174592K, used 21850K [0x00000006c3600000, 0x00000006ce080000, 0x000000076bd00000)
  object space 174592K, 12% used [0x00000006c3600000,0x00000006c4b56880,0x00000006ce080000)
 Metaspace       used 47616K, capacity 48960K, committed 49152K, reserved 1091584K
  class space    used 6654K, capacity 7098K, committed 7168K, reserved 1048576K
Event: 8.972 GC heap after
Heap after GC invocations=10 (full 2):
 PSYoungGen      total 208384K, used 15869K [0x000000076bd00000, 0x000000077a000000, 0x00000007c0000000)
  eden space 192512K, 0% used [0x000000076bd00000,0x000000076bd00000,0x0000000777900000)
  from space 15872K, 99% used [0x0000000779080000,0x0000000779fff7e0,0x000000077a000000)
  to   space 19456K, 0% used [0x0000000777a00000,0x0000000777a00000,0x0000000778d00000)
 ParOldGen       total 174592K, used 25054K [0x00000006c3600000, 0x00000006ce080000, 0x000000076bd00000)
  object space 174592K, 14% used [0x00000006c3600000,0x00000006c4e779b0,0x00000006ce080000)
 Metaspace       used 47616K, capacity 48960K, committed 49152K, reserved 1091584K
  class space    used 6654K, capacity 7098K, committed 7168K, reserved 1048576K
}
Event: 9.721 GC heap before
{Heap before GC invocations=11 (full 2):
 PSYoungGen      total 208384K, used 133907K [0x000000076bd00000, 0x000000077a000000, 0x00000007c0000000)
  eden space 192512K, 61% used [0x000000076bd00000,0x00000007730455f8,0x0000000777900000)
  from space 15872K, 99% used [0x0000000779080000,0x0000000779fff7e0,0x000000077a000000)
  to   space 19456K, 0% used [0x0000000777a00000,0x0000000777a00000,0x0000000778d00000)
 ParOldGen       total 174592K, used 25054K [0x00000006c3600000, 0x00000006ce080000, 0x000000076bd00000)
  object space 174592K, 14% used [0x00000006c3600000,0x00000006c4e779b0,0x00000006ce080000)
 Metaspace       used 57584K, capacity 58980K, committed 59160K, reserved 1099776K
  class space    used 7560K, capacity 8001K, committed 8064K, reserved 1048576K
Event: 9.737 GC heap after
Heap after GC invocations=11 (full 2):
 PSYoungGen      total 212992K, used 19425K [0x000000076bd00000, 0x000000077de80000, 0x00000007c0000000)
  eden space 193536K, 0% used [0x000000076bd00000,0x000000076bd00000,0x0000000777a00000)
  from space 19456K, 99% used [0x0000000777a00000,0x0000000778cf86b8,0x0000000778d00000)
  to   space 28672K, 0% used [0x000000077c280000,0x000000077c280000,0x000000077de80000)
 ParOldGen       total 174592K, used 42283K [0x00000006c3600000, 0x00000006ce080000, 0x000000076bd00000)
  object space 174592K, 24% used [0x00000006c3600000,0x00000006c5f4acf8,0x00000006ce080000)
 Metaspace       used 57584K, capacity 58980K, committed 59160K, reserved 1099776K
  class space    used 7560K, capacity 8001K, committed 8064K, reserved 1048576K
}
Event: 9.737 GC heap before
{Heap before GC invocations=12 (full 3):
 PSYoungGen      total 212992K, used 19425K [0x000000076bd00000, 0x000000077de80000, 0x00000007c0000000)
  eden space 193536K, 0% used [0x000000076bd00000,0x000000076bd00000,0x0000000777a00000)
  from space 19456K, 99% used [0x0000000777a00000,0x0000000778cf86b8,0x0000000778d00000)
  to   space 28672K, 0% used [0x000000077c280000,0x000000077c280000,0x000000077de80000)
 ParOldGen       total 174592K, used 42283K [0x00000006c3600000, 0x00000006ce080000, 0x000000076bd00000)
  object space 174592K, 24% used [0x00000006c3600000,0x00000006c5f4acf8,0x00000006ce080000)
 Metaspace       used 57584K, capacity 58980K, committed 59160K, reserved 1099776K
  class space    used 7560K, capacity 8001K, committed 8064K, reserved 1048576K
Event: 9.857 GC heap after
Heap after GC invocations=12 (full 3):
 PSYoungGen      total 212992K, used 0K [0x000000076bd00000, 0x000000077de80000, 0x00000007c0000000)
  eden space 193536K, 0% used [0x000000076bd00000,0x000000076bd00000,0x0000000777a00000)
  from space 19456K, 0% used [0x0000000777a00000,0x0000000777a00000,0x0000000778d00000)
  to   space 28672K, 0% used [0x000000077c280000,0x000000077c280000,0x000000077de80000)
 ParOldGen       total 267264K, used 53407K [0x00000006c3600000, 0x00000006d3b00000, 0x000000076bd00000)
  object space 267264K, 19% used [0x00000006c3600000,0x00000006c6a27fe0,0x00000006d3b00000)
 Metaspace       used 57584K, capacity 58980K, committed 59160K, reserved 1099776K
  class space    used 7560K, capacity 8001K, committed 8064K, reserved 1048576K
}

