# JRE version: OpenJDK Runtime Environment (8.0_362-b08) (build 1.8.0_362-b08)
# Java VM: OpenJDK 64-Bit Server VM (25.362-b08 mixed mode windows-amd64 compressed oops)
Heap:
 PSYoungGen      total 282624K, used 103786K [0x000000076bd00000, 0x0000000789780000, 0x00000007c0000000)
  eden space 260096K, 31% used [0x000000076bd00000,0x0000000770c60210,0x000000077bb00000)
  from space 22528K, 99% used [0x000000077bb00000,0x000000077d0fa798,0x000000077d100000)
  to   space 26112K, 0% used [0x0000000787e00000,0x0000000787e00000,0x0000000789780000)
 ParOldGen       total 118784K, used 24383K [0x00000006c3600000, 0x00000006caa00000, 0x000000076bd00000)
  object space 118784K, 20% used [0x00000006c3600000,0x00000006c4dcff90,0x00000006caa00000)
 Metaspace       used 31918K, capacity 32500K, committed 32768K, reserved 1079296K
  class space    used 3591K, capacity 3771K, committed 3840K, reserved 1048576K
GC Heap History (10 events):
Event: 1.346 GC heap before
{Heap before GC invocations=4 (full 0):
 PSYoungGen      total 75776K, used 75760K [0x000000076bd00000, 0x0000000775100000, 0x00000007c0000000)
  eden space 65024K, 100% used [0x000000076bd00000,0x000000076fc80000,0x000000076fc80000)
  from space 10752K, 99% used [0x000000076fc80000,0x00000007706fc338,0x0000000770700000)
  to   space 10752K, 0% used [0x0000000774680000,0x0000000774680000,0x0000000775100000)
 ParOldGen       total 173568K, used 2311K [0x00000006c3600000, 0x00000006cdf80000, 0x000000076bd00000)
  object space 173568K, 1% used [0x00000006c3600000,0x00000006c3841e78,0x00000006cdf80000)
 Metaspace       used 16868K, capacity 17104K, committed 17152K, reserved 1064960K
  class space    used 1673K, capacity 1751K, committed 1792K, reserved 1048576K
Event: 1.349 GC heap after
Heap after GC invocations=4 (full 0):
 PSYoungGen      total 140800K, used 7777K [0x000000076bd00000, 0x0000000775100000, 0x00000007c0000000)
  eden space 130048K, 0% used [0x000000076bd00000,0x000000076bd00000,0x0000000773c00000)
  from space 10752K, 72% used [0x0000000774680000,0x0000000774e18690,0x0000000775100000)
  to   space 10752K, 0% used [0x0000000773c00000,0x0000000773c00000,0x0000000774680000)
 ParOldGen       total 173568K, used 2319K [0x00000006c3600000, 0x00000006cdf80000, 0x000000076bd00000)
  object space 173568K, 1% used [0x00000006c3600000,0x00000006c3843e78,0x00000006cdf80000)
 Metaspace       used 16868K, capacity 17104K, committed 17152K, reserved 1064960K
  class space    used 1673K, capacity 1751K, committed 1792K, reserved 1048576K
}
Event: 1.750 GC heap before
{Heap before GC invocations=5 (full 0):
 PSYoungGen      total 140800K, used 137825K [0x000000076bd00000, 0x0000000775100000, 0x00000007c0000000)
  eden space 130048K, 100% used [0x000000076bd00000,0x0000000773c00000,0x0000000773c00000)
  from space 10752K, 72% used [0x0000000774680000,0x0000000774e18690,0x0000000775100000)
  to   space 10752K, 0% used [0x0000000773c00000,0x0000000773c00000,0x0000000774680000)
 ParOldGen       total 173568K, used 2319K [0x00000006c3600000, 0x00000006cdf80000, 0x000000076bd00000)
  object space 173568K, 1% used [0x00000006c3600000,0x00000006c3843e78,0x00000006cdf80000)
 Metaspace       used 20670K, capacity 20896K, committed 21120K, reserved 1069056K
  class space    used 2042K, capacity 2141K, committed 2176K, reserved 1048576K
Event: 1.760 GC heap after
Heap after GC invocations=5 (full 0):
 PSYoungGen      total 140800K, used 10740K [0x000000076bd00000, 0x000000077ea00000, 0x00000007c0000000)
  eden space 130048K, 0% used [0x000000076bd00000,0x000000076bd00000,0x0000000773c00000)
  from space 10752K, 99% used [0x0000000773c00000,0x000000077467d078,0x0000000774680000)
  to   space 24064K, 0% used [0x000000077d280000,0x000000077d280000,0x000000077ea00000)
 ParOldGen       total 173568K, used 17436K [0x00000006c3600000, 0x00000006cdf80000, 0x000000076bd00000)
  object space 173568K, 10% used [0x00000006c3600000,0x00000006c4707078,0x00000006cdf80000)
 Metaspace       used 20670K, capacity 20896K, committed 21120K, reserved 1069056K
  class space    used 2042K, capacity 2141K, committed 2176K, reserved 1048576K
}
Event: 1.801 GC heap before
{Heap before GC invocations=6 (full 0):
 PSYoungGen      total 140800K, used 25034K [0x000000076bd00000, 0x000000077ea00000, 0x00000007c0000000)
  eden space 130048K, 10% used [0x000000076bd00000,0x000000076caf5a48,0x0000000773c00000)
  from space 10752K, 99% used [0x0000000773c00000,0x000000077467d078,0x0000000774680000)
  to   space 24064K, 0% used [0x000000077d280000,0x000000077d280000,0x000000077ea00000)
 ParOldGen       total 173568K, used 17436K [0x00000006c3600000, 0x00000006cdf80000, 0x000000076bd00000)
  object space 173568K, 10% used [0x00000006c3600000,0x00000006c4707078,0x00000006cdf80000)
 Metaspace       used 20964K, capacity 21184K, committed 21296K, reserved 1069056K
  class space    used 2074K, capacity 2173K, committed 2176K, reserved 1048576K
Event: 1.806 GC heap after
Heap after GC invocations=6 (full 0):
 PSYoungGen      total 281088K, used 12719K [0x000000076bd00000, 0x000000077e700000, 0x00000007c0000000)
  eden space 260096K, 0% used [0x000000076bd00000,0x000000076bd00000,0x000000077bb00000)
  from space 20992K, 60% used [0x000000077d280000,0x000000077deebde8,0x000000077e700000)
  to   space 22528K, 0% used [0x000000077bb00000,0x000000077bb00000,0x000000077d100000)
 ParOldGen       total 173568K, used 17444K [0x00000006c3600000, 0x00000006cdf80000, 0x000000076bd00000)
  object space 173568K, 10% used [0x00000006c3600000,0x00000006c4709078,0x00000006cdf80000)
 Metaspace       used 20964K, capacity 21184K, committed 21296K, reserved 1069056K
  class space    used 2074K, capacity 2173K, committed 2176K, reserved 1048576K
}
Event: 1.806 GC heap before
{Heap before GC invocations=7 (full 1):
 PSYoungGen      total 281088K, used 12719K [0x000000076bd00000, 0x000000077e700000, 0x00000007c0000000)
  eden space 260096K, 0% used [0x000000076bd00000,0x000000076bd00000,0x000000077bb00000)
  from space 20992K, 60% used [0x000000077d280000,0x000000077deebde8,0x000000077e700000)
  to   space 22528K, 0% used [0x000000077bb00000,0x000000077bb00000,0x000000077d100000)
 ParOldGen       total 173568K, used 17444K [0x00000006c3600000, 0x00000006cdf80000, 0x000000076bd00000)
  object space 173568K, 10% used [0x00000006c3600000,0x00000006c4709078,0x00000006cdf80000)
 Metaspace       used 20964K, capacity 21184K, committed 21296K, reserved 1069056K
  class space    used 2074K, capacity 2173K, committed 2176K, reserved 1048576K
Event: 1.834 GC heap after
Heap after GC invocations=7 (full 1):
 PSYoungGen      total 281088K, used 0K [0x000000076bd00000, 0x000000077e700000, 0x00000007c0000000)
  eden space 260096K, 0% used [0x000000076bd00000,0x000000076bd00000,0x000000077bb00000)
  from space 20992K, 0% used [0x000000077d280000,0x000000077d280000,0x000000077e700000)
  to   space 22528K, 0% used [0x000000077bb00000,0x000000077bb00000,0x000000077d100000)
 ParOldGen       total 118784K, used 24305K [0x00000006c3600000, 0x00000006caa00000, 0x000000076bd00000)
  object space 118784K, 20% used [0x00000006c3600000,0x00000006c4dbc560,0x00000006caa00000)
 Metaspace       used 20964K, capacity 21184K, committed 21296K, reserved 1069056K
  class space    used 2074K, capacity 2173K, committed 2176K, reserved 1048576K
}
Event: 3.350 GC heap before
{Heap before GC invocations=8 (full 1):
 PSYoungGen      total 281088K, used 260096K [0x000000076bd00000, 0x000000077e700000, 0x00000007c0000000)
  eden space 260096K, 100% used [0x000000076bd00000,0x000000077bb00000,0x000000077bb00000)
  from space 20992K, 0% used [0x000000077d280000,0x000000077d280000,0x000000077e700000)
  to   space 22528K, 0% used [0x000000077bb00000,0x000000077bb00000,0x000000077d100000)
 ParOldGen       total 118784K, used 24305K [0x00000006c3600000, 0x00000006caa00000, 0x000000076bd00000)
  object space 118784K, 20% used [0x00000006c3600000,0x00000006c4dbc560,0x00000006caa00000)
 Metaspace       used 29615K, capacity 30098K, committed 30336K, reserved 1077248K
  class space    used 3229K, capacity 3414K, committed 3456K, reserved 1048576K
Event: 3.359 GC heap after
Heap after GC invocations=8 (full 1):
 PSYoungGen      total 282624K, used 22505K [0x000000076bd00000, 0x0000000789780000, 0x00000007c0000000)
  eden space 260096K, 0% used [0x000000076bd00000,0x000000076bd00000,0x000000077bb00000)
  from space 22528K, 99% used [0x000000077bb00000,0x000000077d0fa798,0x000000077d100000)
  to   space 26112K, 0% used [0x0000000787e00000,0x0000000787e00000,0x0000000789780000)
 ParOldGen       total 118784K, used 24383K [0x00000006c3600000, 0x00000006caa00000, 0x000000076bd00000)
  object space 118784K, 20% used [0x00000006c3600000,0x00000006c4dcff90,0x00000006caa00000)
 Metaspace       used 29615K, capacity 30098K, committed 30336K, reserved 1077248K
  class space    used 3229K, capacity 3414K, committed 3456K, reserved 1048576K
}

