# JRE version: OpenJDK Runtime Environment (8.0_362-b08) (build 1.8.0_362-b08)
# Java VM: OpenJDK 64-Bit Server VM (25.362-b08 mixed mode windows-amd64 compressed oops)
Heap:
 PSYoungGen      total 270848K, used 135497K [0x000000076bd00000, 0x000000077e280000, 0x00000007c0000000)
  eden space 260096K, 47% used [0x000000076bd00000,0x00000007736d7098,0x000000077bb00000)
  from space 10752K, 99% used [0x000000077bb00000,0x000000077c57b5a8,0x000000077c580000)
  to   space 15360K, 0% used [0x000000077d380000,0x000000077d380000,0x000000077e280000)
 ParOldGen       total 111104K, used 15376K [0x00000006c3600000, 0x00000006ca280000, 0x000000076bd00000)
  object space 111104K, 13% used [0x00000006c3600000,0x00000006c4504268,0x00000006ca280000)
 Metaspace       used 34171K, capacity 35361K, committed 35416K, reserved 1081344K
  class space    used 3993K, capacity 4327K, committed 4352K, reserved 1048576K
GC Heap History (10 events):
Event: 1.700 GC heap before
{Heap before GC invocations=2 (full 0):
 PSYoungGen      total 75776K, used 72222K [0x000000076bd00000, 0x0000000775100000, 0x00000007c0000000)
  eden space 65024K, 100% used [0x000000076bd00000,0x000000076fc80000,0x000000076fc80000)
  from space 10752K, 66% used [0x000000076fc80000,0x0000000770387970,0x0000000770700000)
  to   space 10752K, 0% used [0x0000000774680000,0x0000000774680000,0x0000000775100000)
 ParOldGen       total 173568K, used 80K [0x00000006c3600000, 0x00000006cdf80000, 0x000000076bd00000)
  object space 173568K, 0% used [0x00000006c3600000,0x00000006c3614010,0x00000006cdf80000)
 Metaspace       used 16650K, capacity 16993K, committed 17152K, reserved 1064960K
  class space    used 1858K, capacity 1963K, committed 2048K, reserved 1048576K
Event: 1.705 GC heap after
Heap after GC invocations=2 (full 0):
 PSYoungGen      total 140800K, used 10680K [0x000000076bd00000, 0x0000000775100000, 0x00000007c0000000)
  eden space 130048K, 0% used [0x000000076bd00000,0x000000076bd00000,0x0000000773c00000)
  from space 10752K, 99% used [0x0000000774680000,0x00000007750ee128,0x0000000775100000)
  to   space 10752K, 0% used [0x0000000773c00000,0x0000000773c00000,0x0000000774680000)
 ParOldGen       total 173568K, used 96K [0x00000006c3600000, 0x00000006cdf80000, 0x000000076bd00000)
  object space 173568K, 0% used [0x00000006c3600000,0x00000006c3618010,0x00000006cdf80000)
 Metaspace       used 16650K, capacity 16993K, committed 17152K, reserved 1064960K
  class space    used 1858K, capacity 1963K, committed 2048K, reserved 1048576K
}
Event: 2.167 GC heap before
{Heap before GC invocations=3 (full 0):
 PSYoungGen      total 140800K, used 59113K [0x000000076bd00000, 0x0000000775100000, 0x00000007c0000000)
  eden space 130048K, 37% used [0x000000076bd00000,0x000000076ec4c5f0,0x0000000773c00000)
  from space 10752K, 99% used [0x0000000774680000,0x00000007750ee128,0x0000000775100000)
  to   space 10752K, 0% used [0x0000000773c00000,0x0000000773c00000,0x0000000774680000)
 ParOldGen       total 173568K, used 96K [0x00000006c3600000, 0x00000006cdf80000, 0x000000076bd00000)
  object space 173568K, 0% used [0x00000006c3600000,0x00000006c3618010,0x00000006cdf80000)
 Metaspace       used 20766K, capacity 21121K, committed 21248K, reserved 1069056K
  class space    used 2358K, capacity 2469K, committed 2560K, reserved 1048576K
Event: 2.174 GC heap after
Heap after GC invocations=3 (full 0):
 PSYoungGen      total 140800K, used 10742K [0x000000076bd00000, 0x000000077d000000, 0x00000007c0000000)
  eden space 130048K, 0% used [0x000000076bd00000,0x000000076bd00000,0x0000000773c00000)
  from space 10752K, 99% used [0x0000000773c00000,0x000000077467d810,0x0000000774680000)
  to   space 10752K, 0% used [0x000000077c580000,0x000000077c580000,0x000000077d000000)
 ParOldGen       total 173568K, used 1328K [0x00000006c3600000, 0x00000006cdf80000, 0x000000076bd00000)
  object space 173568K, 0% used [0x00000006c3600000,0x00000006c374c198,0x00000006cdf80000)
 Metaspace       used 20766K, capacity 21121K, committed 21248K, reserved 1069056K
  class space    used 2358K, capacity 2469K, committed 2560K, reserved 1048576K
}
Event: 2.174 GC heap before
{Heap before GC invocations=4 (full 1):
 PSYoungGen      total 140800K, used 10742K [0x000000076bd00000, 0x000000077d000000, 0x00000007c0000000)
  eden space 130048K, 0% used [0x000000076bd00000,0x000000076bd00000,0x0000000773c00000)
  from space 10752K, 99% used [0x0000000773c00000,0x000000077467d810,0x0000000774680000)
  to   space 10752K, 0% used [0x000000077c580000,0x000000077c580000,0x000000077d000000)
 ParOldGen       total 173568K, used 1328K [0x00000006c3600000, 0x00000006cdf80000, 0x000000076bd00000)
  object space 173568K, 0% used [0x00000006c3600000,0x00000006c374c198,0x00000006cdf80000)
 Metaspace       used 20766K, capacity 21121K, committed 21248K, reserved 1069056K
  class space    used 2358K, capacity 2469K, committed 2560K, reserved 1048576K
Event: 2.201 GC heap after
Heap after GC invocations=4 (full 1):
 PSYoungGen      total 140800K, used 0K [0x000000076bd00000, 0x000000077d000000, 0x00000007c0000000)
  eden space 130048K, 0% used [0x000000076bd00000,0x000000076bd00000,0x0000000773c00000)
  from space 10752K, 0% used [0x0000000773c00000,0x0000000773c00000,0x0000000774680000)
  to   space 10752K, 0% used [0x000000077c580000,0x000000077c580000,0x000000077d000000)
 ParOldGen       total 111104K, used 11709K [0x00000006c3600000, 0x00000006ca280000, 0x000000076bd00000)
  object space 111104K, 10% used [0x00000006c3600000,0x00000006c416f688,0x00000006ca280000)
 Metaspace       used 20766K, capacity 21121K, committed 21248K, reserved 1069056K
  class space    used 2358K, capacity 2469K, committed 2560K, reserved 1048576K
}
Event: 6.023 GC heap before
{Heap before GC invocations=5 (full 1):
 PSYoungGen      total 140800K, used 130048K [0x000000076bd00000, 0x000000077d000000, 0x00000007c0000000)
  eden space 130048K, 100% used [0x000000076bd00000,0x0000000773c00000,0x0000000773c00000)
  from space 10752K, 0% used [0x0000000773c00000,0x0000000773c00000,0x0000000774680000)
  to   space 10752K, 0% used [0x000000077c580000,0x000000077c580000,0x000000077d000000)
 ParOldGen       total 111104K, used 11709K [0x00000006c3600000, 0x00000006ca280000, 0x000000076bd00000)
  object space 111104K, 10% used [0x00000006c3600000,0x00000006c416f688,0x00000006ca280000)
 Metaspace       used 26061K, capacity 26833K, committed 26880K, reserved 1073152K
  class space    used 3048K, capacity 3281K, committed 3328K, reserved 1048576K
Event: 6.030 GC heap after
Heap after GC invocations=5 (full 1):
 PSYoungGen      total 198144K, used 10745K [0x000000076bd00000, 0x000000077d000000, 0x00000007c0000000)
  eden space 187392K, 0% used [0x000000076bd00000,0x000000076bd00000,0x0000000777400000)
  from space 10752K, 99% used [0x000000077c580000,0x000000077cffe7c0,0x000000077d000000)
  to   space 10752K, 0% used [0x000000077bb00000,0x000000077bb00000,0x000000077c580000)
 ParOldGen       total 111104K, used 14197K [0x00000006c3600000, 0x00000006ca280000, 0x000000076bd00000)
  object space 111104K, 12% used [0x00000006c3600000,0x00000006c43dd720,0x00000006ca280000)
 Metaspace       used 26061K, capacity 26833K, committed 26880K, reserved 1073152K
  class space    used 3048K, capacity 3281K, committed 3328K, reserved 1048576K
}
Event: 6.634 GC heap before
{Heap before GC invocations=6 (full 1):
 PSYoungGen      total 198144K, used 198137K [0x000000076bd00000, 0x000000077d000000, 0x00000007c0000000)
  eden space 187392K, 100% used [0x000000076bd00000,0x0000000777400000,0x0000000777400000)
  from space 10752K, 99% used [0x000000077c580000,0x000000077cffe7c0,0x000000077d000000)
  to   space 10752K, 0% used [0x000000077bb00000,0x000000077bb00000,0x000000077c580000)
 ParOldGen       total 111104K, used 14197K [0x00000006c3600000, 0x00000006ca280000, 0x000000076bd00000)
  object space 111104K, 12% used [0x00000006c3600000,0x00000006c43dd720,0x00000006ca280000)
 Metaspace       used 32008K, capacity 32955K, committed 33280K, reserved 1079296K
  class space    used 3748K, capacity 4012K, committed 4096K, reserved 1048576K
Event: 6.640 GC heap after
Heap after GC invocations=6 (full 1):
 PSYoungGen      total 270848K, used 10733K [0x000000076bd00000, 0x000000077e280000, 0x00000007c0000000)
  eden space 260096K, 0% used [0x000000076bd00000,0x000000076bd00000,0x000000077bb00000)
  from space 10752K, 99% used [0x000000077bb00000,0x000000077c57b5a8,0x000000077c580000)
  to   space 15360K, 0% used [0x000000077d380000,0x000000077d380000,0x000000077e280000)
 ParOldGen       total 111104K, used 15376K [0x00000006c3600000, 0x00000006ca280000, 0x000000076bd00000)
  object space 111104K, 13% used [0x00000006c3600000,0x00000006c4504268,0x00000006ca280000)
 Metaspace       used 32008K, capacity 32955K, committed 33280K, reserved 1079296K
  class space    used 3748K, capacity 4012K, committed 4096K, reserved 1048576K
}

